{"/Users/abarba/Code/CCIS/cs4500/api/app/config/index.js":{"path":"/Users/abarba/Code/CCIS/cs4500/api/app/config/index.js","s":{"1":1,"2":1,"3":1,"4":1,"5":1,"6":1,"7":1,"8":1,"9":1},"b":{"1":[1,0],"2":[1,1],"3":[1,1]},"f":{},"fnMap":{},"statementMap":{"1":{"start":{"line":3,"column":0},"end":{"line":3,"column":44}},"2":{"start":{"line":4,"column":0},"end":{"line":4,"column":32}},"3":{"start":{"line":5,"column":0},"end":{"line":5,"column":37}},"4":{"start":{"line":7,"column":0},"end":{"line":29,"column":2}},"5":{"start":{"line":31,"column":0},"end":{"line":45,"column":3}},"6":{"start":{"line":47,"column":0},"end":{"line":61,"column":3}},"7":{"start":{"line":63,"column":0},"end":{"line":77,"column":3}},"8":{"start":{"line":79,"column":0},"end":{"line":87,"column":3}},"9":{"start":{"line":89,"column":0},"end":{"line":94,"column":7}}},"branchMap":{"1":{"line":3,"type":"binary-expr","locations":[{"start":{"line":3,"column":12},"end":{"line":3,"column":32}},{"start":{"line":3,"column":36},"end":{"line":3,"column":43}}]},"2":{"line":17,"type":"binary-expr","locations":[{"start":{"line":17,"column":10},"end":{"line":17,"column":26}},{"start":{"line":17,"column":30},"end":{"line":17,"column":34}}]},"3":{"line":85,"type":"binary-expr","locations":[{"start":{"line":85,"column":10},"end":{"line":85,"column":51}},{"start":{"line":85,"column":55},"end":{"line":85,"column":66}}]}}},"/Users/abarba/Code/CCIS/cs4500/api/app/index.js":{"path":"/Users/abarba/Code/CCIS/cs4500/api/app/index.js","s":{"1":1,"2":1,"3":1,"4":1,"5":1,"6":0,"7":2,"8":1,"9":1,"10":0,"11":1},"b":{},"f":{"1":1,"2":0,"3":2,"4":1,"5":1,"6":0},"fnMap":{"1":{"name":"(anonymous_1)","line":4,"loc":{"start":{"line":4,"column":13},"end":{"line":4,"column":16}}},"2":{"name":"(anonymous_2)","line":12,"loc":{"start":{"line":12,"column":12},"end":{"line":12,"column":15}}},"3":{"name":"(anonymous_3)","line":13,"loc":{"start":{"line":13,"column":9},"end":{"line":13,"column":12}}},"4":{"name":"(anonymous_4)","line":14,"loc":{"start":{"line":14,"column":13},"end":{"line":14,"column":16}}},"5":{"name":"(anonymous_5)","line":15,"loc":{"start":{"line":15,"column":17},"end":{"line":15,"column":20}}},"6":{"name":"(anonymous_6)","line":16,"loc":{"start":{"line":16,"column":12},"end":{"line":16,"column":15}}}},"statementMap":{"1":{"start":{"line":5,"column":4},"end":{"line":5,"column":39}},"2":{"start":{"line":6,"column":4},"end":{"line":6,"column":33}},"3":{"start":{"line":7,"column":4},"end":{"line":7,"column":41}},"4":{"start":{"line":8,"column":4},"end":{"line":8,"column":49}},"5":{"start":{"line":9,"column":4},"end":{"line":9,"column":39}},"6":{"start":{"line":12,"column":17},"end":{"line":12,"column":37}},"7":{"start":{"line":13,"column":14},"end":{"line":13,"column":31}},"8":{"start":{"line":14,"column":18},"end":{"line":14,"column":39}},"9":{"start":{"line":15,"column":22},"end":{"line":15,"column":47}},"10":{"start":{"line":16,"column":17},"end":{"line":16,"column":37}},"11":{"start":{"line":19,"column":0},"end":{"line":19,"column":27}}},"branchMap":{}},"/Users/abarba/Code/CCIS/cs4500/api/app/api/index.js":{"path":"/Users/abarba/Code/CCIS/cs4500/api/app/api/index.js","s":{"1":1,"2":1,"3":1,"4":1,"5":1,"6":1,"7":1,"8":1,"9":1,"10":1,"11":1,"12":1,"13":1,"14":1,"15":1,"16":0,"17":0,"18":1,"19":1,"20":1,"21":1,"22":1,"23":1,"24":1,"25":1,"26":1,"27":1,"28":1,"29":1,"30":1,"31":1,"32":1,"33":1,"34":1,"35":0,"36":0,"37":1,"38":1,"39":1,"40":1,"41":1,"42":1},"b":{},"f":{"1":1,"2":0,"3":0,"4":1,"5":1,"6":1,"7":0,"8":1,"9":1},"fnMap":{"1":{"name":"(anonymous_1)","line":19,"loc":{"start":{"line":19,"column":13},"end":{"line":19,"column":16}}},"2":{"name":"(anonymous_2)","line":25,"loc":{"start":{"line":25,"column":9},"end":{"line":25,"column":12}}},"3":{"name":"(anonymous_3)","line":26,"loc":{"start":{"line":26,"column":10},"end":{"line":26,"column":13}}},"4":{"name":"(anonymous_4)","line":27,"loc":{"start":{"line":27,"column":12},"end":{"line":27,"column":15}}},"5":{"name":"(anonymous_5)","line":29,"loc":{"start":{"line":29,"column":12},"end":{"line":29,"column":18}}},"6":{"name":"(anonymous_6)","line":37,"loc":{"start":{"line":37,"column":6},"end":{"line":37,"column":13}}},"7":{"name":"(anonymous_7)","line":65,"loc":{"start":{"line":65,"column":8},"end":{"line":65,"column":15}}},"8":{"name":"(anonymous_8)","line":71,"loc":{"start":{"line":71,"column":18},"end":{"line":71,"column":24}}},"9":{"name":"(anonymous_9)","line":87,"loc":{"start":{"line":87,"column":22},"end":{"line":87,"column":25}}}},"statementMap":{"1":{"start":{"line":3,"column":0},"end":{"line":3,"column":29}},"2":{"start":{"line":4,"column":0},"end":{"line":4,"column":29}},"3":{"start":{"line":5,"column":0},"end":{"line":5,"column":35}},"4":{"start":{"line":6,"column":0},"end":{"line":6,"column":48}},"5":{"start":{"line":7,"column":0},"end":{"line":7,"column":33}},"6":{"start":{"line":10,"column":0},"end":{"line":10,"column":42}},"7":{"start":{"line":11,"column":0},"end":{"line":11,"column":42}},"8":{"start":{"line":12,"column":0},"end":{"line":12,"column":46}},"9":{"start":{"line":13,"column":0},"end":{"line":13,"column":52}},"10":{"start":{"line":14,"column":0},"end":{"line":14,"column":48}},"11":{"start":{"line":15,"column":0},"end":{"line":15,"column":51}},"12":{"start":{"line":16,"column":0},"end":{"line":16,"column":46}},"13":{"start":{"line":20,"column":4},"end":{"line":20,"column":21}},"14":{"start":{"line":21,"column":4},"end":{"line":21,"column":24}},"15":{"start":{"line":22,"column":4},"end":{"line":22,"column":34}},"16":{"start":{"line":25,"column":14},"end":{"line":25,"column":31}},"17":{"start":{"line":26,"column":15},"end":{"line":26,"column":33}},"18":{"start":{"line":27,"column":17},"end":{"line":27,"column":37}},"19":{"start":{"line":30,"column":4},"end":{"line":30,"column":24}},"20":{"start":{"line":33,"column":4},"end":{"line":33,"column":50}},"21":{"start":{"line":34,"column":4},"end":{"line":34,"column":34}},"22":{"start":{"line":39,"column":4},"end":{"line":39,"column":36}},"23":{"start":{"line":40,"column":4},"end":{"line":40,"column":55}},"24":{"start":{"line":41,"column":4},"end":{"line":41,"column":31}},"25":{"start":{"line":44,"column":4},"end":{"line":44,"column":20}},"26":{"start":{"line":45,"column":4},"end":{"line":45,"column":20}},"27":{"start":{"line":46,"column":4},"end":{"line":46,"column":22}},"28":{"start":{"line":47,"column":4},"end":{"line":47,"column":25}},"29":{"start":{"line":48,"column":4},"end":{"line":48,"column":23}},"30":{"start":{"line":51,"column":4},"end":{"line":51,"column":25}},"31":{"start":{"line":54,"column":4},"end":{"line":54,"column":32}},"32":{"start":{"line":57,"column":4},"end":{"line":57,"column":24}},"33":{"start":{"line":60,"column":4},"end":{"line":60,"column":22}},"34":{"start":{"line":62,"column":4},"end":{"line":62,"column":30}},"35":{"start":{"line":66,"column":4},"end":{"line":68,"column":7}},"36":{"start":{"line":67,"column":6},"end":{"line":67,"column":29}},"37":{"start":{"line":74,"column":4},"end":{"line":74,"column":31}},"38":{"start":{"line":77,"column":4},"end":{"line":80,"column":7}},"39":{"start":{"line":83,"column":4},"end":{"line":83,"column":55}},"40":{"start":{"line":84,"column":4},"end":{"line":84,"column":73}},"41":{"start":{"line":88,"column":4},"end":{"line":88,"column":47}},"42":{"start":{"line":92,"column":0},"end":{"line":92,"column":27}}},"branchMap":{}},"/Users/abarba/Code/CCIS/cs4500/api/app/api/middleware/cors.js":{"path":"/Users/abarba/Code/CCIS/cs4500/api/app/api/middleware/cors.js","s":{"1":1,"2":1,"3":1},"b":{},"f":{},"fnMap":{},"statementMap":{"1":{"start":{"line":3,"column":0},"end":{"line":3,"column":29}},"2":{"start":{"line":5,"column":0},"end":{"line":7,"column":2}},"3":{"start":{"line":6,"column":2},"end":{"line":6,"column":16}}},"branchMap":{}},"/Users/abarba/Code/CCIS/cs4500/api/app/api/middleware/gzip.js":{"path":"/Users/abarba/Code/CCIS/cs4500/api/app/api/middleware/gzip.js","s":{"1":1,"2":1,"3":1},"b":{},"f":{},"fnMap":{},"statementMap":{"1":{"start":{"line":3,"column":0},"end":{"line":3,"column":43}},"2":{"start":{"line":5,"column":0},"end":{"line":7,"column":2}},"3":{"start":{"line":6,"column":2},"end":{"line":6,"column":23}}},"branchMap":{}},"/Users/abarba/Code/CCIS/cs4500/api/app/api/middleware/parser.js":{"path":"/Users/abarba/Code/CCIS/cs4500/api/app/api/middleware/parser.js","s":{"1":1,"2":1,"3":1},"b":{},"f":{},"fnMap":{},"statementMap":{"1":{"start":{"line":3,"column":0},"end":{"line":3,"column":42}},"2":{"start":{"line":5,"column":0},"end":{"line":7,"column":2}},"3":{"start":{"line":6,"column":2},"end":{"line":6,"column":27}}},"branchMap":{}},"/Users/abarba/Code/CCIS/cs4500/api/app/api/middleware/validator.js":{"path":"/Users/abarba/Code/CCIS/cs4500/api/app/api/middleware/validator.js","s":{"1":1,"2":1,"3":1,"4":1},"b":{},"f":{},"fnMap":{},"statementMap":{"1":{"start":{"line":3,"column":0},"end":{"line":3,"column":32}},"2":{"start":{"line":4,"column":0},"end":{"line":4,"column":54}},"3":{"start":{"line":6,"column":0},"end":{"line":17,"column":2}},"4":{"start":{"line":7,"column":2},"end":{"line":16,"column":5}}},"branchMap":{}},"/Users/abarba/Code/CCIS/cs4500/api/app/api/middleware/headers.js":{"path":"/Users/abarba/Code/CCIS/cs4500/api/app/api/middleware/headers.js","s":{"1":1,"2":1,"3":1,"4":37,"5":37,"6":37,"7":37},"b":{},"f":{},"fnMap":{},"statementMap":{"1":{"start":{"line":3,"column":0},"end":{"line":16,"column":2}},"2":{"start":{"line":18,"column":0},"end":{"line":25,"column":2}},"3":{"start":{"line":19,"column":2},"end":{"line":24,"column":4}},"4":{"start":{"line":20,"column":4},"end":{"line":20,"column":69}},"5":{"start":{"line":21,"column":4},"end":{"line":21,"column":71}},"6":{"start":{"line":22,"column":4},"end":{"line":22,"column":57}},"7":{"start":{"line":23,"column":4},"end":{"line":23,"column":11}}},"branchMap":{}},"/Users/abarba/Code/CCIS/cs4500/api/app/api/middleware/not-found.js":{"path":"/Users/abarba/Code/CCIS/cs4500/api/app/api/middleware/not-found.js","s":{"1":1,"2":1,"3":1,"4":0},"b":{},"f":{},"fnMap":{},"statementMap":{"1":{"start":{"line":3,"column":0},"end":{"line":3,"column":37}},"2":{"start":{"line":5,"column":0},"end":{"line":9,"column":2}},"3":{"start":{"line":6,"column":2},"end":{"line":8,"column":4}},"4":{"start":{"line":7,"column":4},"end":{"line":7,"column":37}}},"branchMap":{}},"/Users/abarba/Code/CCIS/cs4500/api/app/errors/index.js":{"path":"/Users/abarba/Code/CCIS/cs4500/api/app/errors/index.js","s":{"1":18,"2":18,"3":18,"4":18,"5":18,"6":0,"7":0,"8":0,"9":3,"10":3,"11":12,"12":0,"13":0,"14":1,"15":1,"16":1,"17":1,"18":1,"19":1,"20":1,"21":1},"b":{"1":[0,0],"2":[0,0],"3":[3,0],"4":[3,0],"5":[12,12],"6":[0,0],"7":[0,0]},"f":{"1":18,"2":18,"3":18,"4":0,"5":0,"6":0,"7":3,"8":3,"9":12,"10":0,"11":0},"fnMap":{"1":{"name":"(anonymous_1)","line":8,"loc":{"start":{"line":8,"column":13},"end":{"line":8,"column":42}}},"2":{"name":"(anonymous_2)","line":14,"loc":{"start":{"line":14,"column":16},"end":{"line":14,"column":19}}},"3":{"name":"(anonymous_3)","line":15,"loc":{"start":{"line":15,"column":11},"end":{"line":15,"column":14}}},"4":{"name":"(anonymous_4)","line":17,"loc":{"start":{"line":17,"column":10},"end":{"line":17,"column":13}}},"5":{"name":"(anonymous_5)","line":27,"loc":{"start":{"line":27,"column":13},"end":{"line":27,"column":23}}},"6":{"name":"(anonymous_6)","line":33,"loc":{"start":{"line":33,"column":13},"end":{"line":33,"column":23}}},"7":{"name":"(anonymous_7)","line":43,"loc":{"start":{"line":43,"column":13},"end":{"line":43,"column":23}}},"8":{"name":"(anonymous_8)","line":49,"loc":{"start":{"line":49,"column":13},"end":{"line":49,"column":23}}},"9":{"name":"(anonymous_9)","line":59,"loc":{"start":{"line":59,"column":13},"end":{"line":59,"column":23}}},"10":{"name":"(anonymous_10)","line":65,"loc":{"start":{"line":65,"column":13},"end":{"line":65,"column":23}}},"11":{"name":"(anonymous_11)","line":75,"loc":{"start":{"line":75,"column":13},"end":{"line":75,"column":23}}}},"statementMap":{"1":{"start":{"line":9,"column":4},"end":{"line":9,"column":19}},"2":{"start":{"line":10,"column":4},"end":{"line":10,"column":34}},"3":{"start":{"line":11,"column":4},"end":{"line":11,"column":24}},"4":{"start":{"line":14,"column":21},"end":{"line":14,"column":45}},"5":{"start":{"line":15,"column":16},"end":{"line":15,"column":35}},"6":{"start":{"line":18,"column":4},"end":{"line":18,"column":64}},"7":{"start":{"line":28,"column":4},"end":{"line":28,"column":58}},"8":{"start":{"line":34,"column":4},"end":{"line":34,"column":78}},"9":{"start":{"line":44,"column":4},"end":{"line":44,"column":56}},"10":{"start":{"line":50,"column":4},"end":{"line":50,"column":66}},"11":{"start":{"line":60,"column":4},"end":{"line":60,"column":58}},"12":{"start":{"line":66,"column":4},"end":{"line":66,"column":52}},"13":{"start":{"line":76,"column":4},"end":{"line":76,"column":52}},"14":{"start":{"line":84,"column":0},"end":{"line":84,"column":28}},"15":{"start":{"line":85,"column":0},"end":{"line":85,"column":34}},"16":{"start":{"line":86,"column":0},"end":{"line":86,"column":42}},"17":{"start":{"line":87,"column":0},"end":{"line":87,"column":40}},"18":{"start":{"line":88,"column":0},"end":{"line":88,"column":46}},"19":{"start":{"line":89,"column":0},"end":{"line":89,"column":40}},"20":{"start":{"line":90,"column":0},"end":{"line":90,"column":52}},"21":{"start":{"line":91,"column":0},"end":{"line":91,"column":38}}},"branchMap":{"1":{"line":28,"type":"binary-expr","locations":[{"start":{"line":28,"column":15},"end":{"line":28,"column":22}},{"start":{"line":28,"column":26},"end":{"line":28,"column":40}}]},"2":{"line":34,"type":"binary-expr","locations":[{"start":{"line":34,"column":15},"end":{"line":34,"column":22}},{"start":{"line":34,"column":26},"end":{"line":34,"column":50}}]},"3":{"line":44,"type":"binary-expr","locations":[{"start":{"line":44,"column":15},"end":{"line":44,"column":22}},{"start":{"line":44,"column":26},"end":{"line":44,"column":39}}]},"4":{"line":50,"type":"binary-expr","locations":[{"start":{"line":50,"column":15},"end":{"line":50,"column":22}},{"start":{"line":50,"column":26},"end":{"line":50,"column":44}}]},"5":{"line":60,"type":"binary-expr","locations":[{"start":{"line":60,"column":15},"end":{"line":60,"column":22}},{"start":{"line":60,"column":26},"end":{"line":60,"column":40}}]},"6":{"line":66,"type":"binary-expr","locations":[{"start":{"line":66,"column":15},"end":{"line":66,"column":22}},{"start":{"line":66,"column":26},"end":{"line":66,"column":37}}]},"7":{"line":76,"type":"binary-expr","locations":[{"start":{"line":76,"column":15},"end":{"line":76,"column":22}},{"start":{"line":76,"column":26},"end":{"line":76,"column":37}}]}}},"/Users/abarba/Code/CCIS/cs4500/api/app/api/middleware/errors.js":{"path":"/Users/abarba/Code/CCIS/cs4500/api/app/api/middleware/errors.js","s":{"1":1,"2":1,"3":1,"4":1,"5":18,"6":18,"7":18,"8":18,"9":18,"10":18,"11":0,"12":0,"13":18},"b":{"1":[18,0],"2":[0,18],"3":[0,18]},"f":{},"fnMap":{},"statementMap":{"1":{"start":{"line":3,"column":0},"end":{"line":3,"column":33}},"2":{"start":{"line":4,"column":0},"end":{"line":4,"column":33}},"3":{"start":{"line":6,"column":0},"end":{"line":26,"column":2}},"4":{"start":{"line":7,"column":2},"end":{"line":25,"column":4}},"5":{"start":{"line":9,"column":4},"end":{"line":9,"column":43}},"6":{"start":{"line":10,"column":4},"end":{"line":10,"column":30}},"7":{"start":{"line":11,"column":4},"end":{"line":11,"column":26}},"8":{"start":{"line":12,"column":4},"end":{"line":12,"column":51}},"9":{"start":{"line":14,"column":4},"end":{"line":17,"column":6}},"10":{"start":{"line":19,"column":4},"end":{"line":22,"column":5}},"11":{"start":{"line":20,"column":6},"end":{"line":20,"column":25}},"12":{"start":{"line":21,"column":6},"end":{"line":21,"column":24}},"13":{"start":{"line":24,"column":4},"end":{"line":24,"column":38}}},"branchMap":{"1":{"line":9,"type":"binary-expr","locations":[{"start":{"line":9,"column":21},"end":{"line":9,"column":35}},{"start":{"line":9,"column":39},"end":{"line":9,"column":42}}]},"2":{"line":12,"type":"cond-expr","locations":[{"start":{"line":12,"column":34},"end":{"line":12,"column":38}},{"start":{"line":12,"column":41},"end":{"line":12,"column":50}}]},"3":{"line":19,"type":"if","locations":[{"start":{"line":19,"column":4},"end":{"line":19,"column":4}},{"start":{"line":19,"column":4},"end":{"line":19,"column":4}}]}}},"/Users/abarba/Code/CCIS/cs4500/api/app/logger/index.js":{"path":"/Users/abarba/Code/CCIS/cs4500/api/app/logger/index.js","s":{"1":1,"2":1,"3":1,"4":1,"5":1,"6":1},"b":{},"f":{},"fnMap":{},"statementMap":{"1":{"start":{"line":3,"column":0},"end":{"line":3,"column":35}},"2":{"start":{"line":4,"column":0},"end":{"line":4,"column":33}},"3":{"start":{"line":6,"column":0},"end":{"line":9,"column":3}},"4":{"start":{"line":11,"column":0},"end":{"line":13,"column":3}},"5":{"start":{"line":15,"column":0},"end":{"line":19,"column":3}},"6":{"start":{"line":21,"column":0},"end":{"line":21,"column":24}}},"branchMap":{}},"/Users/abarba/Code/CCIS/cs4500/api/app/modules/index.js":{"path":"/Users/abarba/Code/CCIS/cs4500/api/app/modules/index.js","s":{"1":1,"2":1,"3":1,"4":1,"5":1,"6":1,"7":1,"8":1},"b":{},"f":{"1":1},"fnMap":{"1":{"name":"(anonymous_1)","line":5,"loc":{"start":{"line":5,"column":6},"end":{"line":5,"column":13}}}},"statementMap":{"1":{"start":{"line":8,"column":4},"end":{"line":8,"column":26}},"2":{"start":{"line":9,"column":4},"end":{"line":9,"column":26}},"3":{"start":{"line":10,"column":4},"end":{"line":10,"column":24}},"4":{"start":{"line":11,"column":4},"end":{"line":11,"column":23}},"5":{"start":{"line":12,"column":4},"end":{"line":12,"column":22}},"6":{"start":{"line":13,"column":4},"end":{"line":13,"column":22}},"7":{"start":{"line":15,"column":4},"end":{"line":15,"column":27}},"8":{"start":{"line":19,"column":0},"end":{"line":19,"column":31}}},"branchMap":{}},"/Users/abarba/Code/CCIS/cs4500/api/app/connections/index.js":{"path":"/Users/abarba/Code/CCIS/cs4500/api/app/connections/index.js","s":{"1":1,"2":1,"3":1,"4":1,"5":1,"6":1,"7":1},"b":{},"f":{"1":1,"2":1,"3":1,"4":1},"fnMap":{"1":{"name":"(anonymous_1)","line":6,"loc":{"start":{"line":6,"column":13},"end":{"line":6,"column":16}}},"2":{"name":"(anonymous_2)","line":10,"loc":{"start":{"line":10,"column":15},"end":{"line":10,"column":18}}},"3":{"name":"(anonymous_3)","line":11,"loc":{"start":{"line":11,"column":12},"end":{"line":11,"column":15}}},"4":{"name":"(anonymous_4)","line":13,"loc":{"start":{"line":13,"column":6},"end":{"line":13,"column":13}}}},"statementMap":{"1":{"start":{"line":3,"column":0},"end":{"line":3,"column":31}},"2":{"start":{"line":7,"column":4},"end":{"line":7,"column":45}},"3":{"start":{"line":10,"column":20},"end":{"line":10,"column":43}},"4":{"start":{"line":11,"column":17},"end":{"line":11,"column":47}},"5":{"start":{"line":14,"column":4},"end":{"line":16,"column":13}},"6":{"start":{"line":15,"column":14},"end":{"line":15,"column":39}},"7":{"start":{"line":20,"column":0},"end":{"line":20,"column":35}}},"branchMap":{}},"/Users/abarba/Code/CCIS/cs4500/api/app/connections/rethinkdb.js":{"path":"/Users/abarba/Code/CCIS/cs4500/api/app/connections/rethinkdb.js","s":{"1":1,"2":1,"3":1,"4":1,"5":1,"6":1,"7":1,"8":1,"9":1},"b":{},"f":{"1":1,"2":1,"3":1,"4":1},"fnMap":{"1":{"name":"(anonymous_1)","line":7,"loc":{"start":{"line":7,"column":13},"end":{"line":7,"column":23}}},"2":{"name":"(anonymous_2)","line":12,"loc":{"start":{"line":12,"column":12},"end":{"line":12,"column":15}}},"3":{"name":"(anonymous_3)","line":13,"loc":{"start":{"line":13,"column":13},"end":{"line":13,"column":16}}},"4":{"name":"(anonymous_4)","line":15,"loc":{"start":{"line":15,"column":6},"end":{"line":15,"column":13}}}},"statementMap":{"1":{"start":{"line":3,"column":0},"end":{"line":3,"column":33}},"2":{"start":{"line":4,"column":0},"end":{"line":4,"column":33}},"3":{"start":{"line":8,"column":4},"end":{"line":8,"column":24}},"4":{"start":{"line":9,"column":4},"end":{"line":9,"column":28}},"5":{"start":{"line":12,"column":17},"end":{"line":12,"column":37}},"6":{"start":{"line":13,"column":18},"end":{"line":13,"column":39}},"7":{"start":{"line":16,"column":4},"end":{"line":16,"column":40}},"8":{"start":{"line":17,"column":4},"end":{"line":17,"column":11}},"9":{"start":{"line":21,"column":0},"end":{"line":21,"column":49}}},"branchMap":{}},"/Users/abarba/Code/CCIS/cs4500/api/app/worker/index.js":{"path":"/Users/abarba/Code/CCIS/cs4500/api/app/worker/index.js","s":{"1":1},"b":{},"f":{},"fnMap":{},"statementMap":{"1":{"start":{"line":7,"column":0},"end":{"line":7,"column":30}}},"branchMap":{}},"/Users/abarba/Code/CCIS/cs4500/api/app/modules/response/index.js":{"path":"/Users/abarba/Code/CCIS/cs4500/api/app/modules/response/index.js","s":{"1":1,"2":1,"3":1,"4":1,"5":1,"6":1},"b":{},"f":{},"fnMap":{},"statementMap":{"1":{"start":{"line":3,"column":0},"end":{"line":3,"column":33}},"2":{"start":{"line":4,"column":0},"end":{"line":4,"column":37}},"3":{"start":{"line":6,"column":0},"end":{"line":6,"column":36}},"4":{"start":{"line":7,"column":0},"end":{"line":7,"column":35}},"5":{"start":{"line":9,"column":0},"end":{"line":9,"column":35}},"6":{"start":{"line":10,"column":0},"end":{"line":10,"column":35}}},"branchMap":{}},"/Users/abarba/Code/CCIS/cs4500/api/app/modules/response/model.js":{"path":"/Users/abarba/Code/CCIS/cs4500/api/app/modules/response/model.js","s":{"1":1,"2":1,"3":1,"4":1,"5":1,"6":1,"7":1,"8":1,"9":1,"10":1,"11":1},"b":{},"f":{"1":1,"2":1,"3":1},"fnMap":{"1":{"name":"(anonymous_1)","line":11,"loc":{"start":{"line":11,"column":8},"end":{"line":11,"column":11}}},"2":{"name":"(anonymous_2)","line":22,"loc":{"start":{"line":22,"column":7},"end":{"line":22,"column":10}}},"3":{"name":"(anonymous_3)","line":28,"loc":{"start":{"line":28,"column":15},"end":{"line":28,"column":18}}}},"statementMap":{"1":{"start":{"line":3,"column":0},"end":{"line":3,"column":32}},"2":{"start":{"line":4,"column":0},"end":{"line":4,"column":52}},"3":{"start":{"line":7,"column":0},"end":{"line":7,"column":42}},"4":{"start":{"line":12,"column":4},"end":{"line":19,"column":6}},"5":{"start":{"line":23,"column":4},"end":{"line":23,"column":18}},"6":{"start":{"line":24,"column":4},"end":{"line":24,"column":29}},"7":{"start":{"line":25,"column":4},"end":{"line":25,"column":30}},"8":{"start":{"line":29,"column":4},"end":{"line":29,"column":37}},"9":{"start":{"line":30,"column":4},"end":{"line":30,"column":45}},"10":{"start":{"line":31,"column":4},"end":{"line":31,"column":41}},"11":{"start":{"line":35,"column":0},"end":{"line":35,"column":31}}},"branchMap":{}},"/Users/abarba/Code/CCIS/cs4500/api/app/modules/common/index.js":{"path":"/Users/abarba/Code/CCIS/cs4500/api/app/modules/common/index.js","s":{"1":1,"2":1,"3":1,"4":1},"b":{},"f":{},"fnMap":{},"statementMap":{"1":{"start":{"line":3,"column":0},"end":{"line":3,"column":33}},"2":{"start":{"line":4,"column":0},"end":{"line":4,"column":37}},"3":{"start":{"line":6,"column":0},"end":{"line":6,"column":26}},"4":{"start":{"line":7,"column":0},"end":{"line":7,"column":22}}},"branchMap":{}},"/Users/abarba/Code/CCIS/cs4500/api/app/modules/common/model.js":{"path":"/Users/abarba/Code/CCIS/cs4500/api/app/modules/common/model.js","s":{"1":1,"2":1,"3":1,"4":1,"5":6,"6":6,"7":6,"8":6,"9":6,"10":177,"11":0,"12":47,"13":0,"14":6,"15":0,"16":6,"17":12,"18":12,"19":62,"20":1,"21":25,"22":58,"23":0,"24":0,"25":0,"26":0,"27":0,"28":9,"29":9,"30":9,"31":9,"32":0,"33":0,"34":0,"35":0,"36":0,"37":1,"38":1,"39":1,"40":1,"41":1},"b":{},"f":{"1":6,"2":177,"3":0,"4":47,"5":0,"6":6,"7":0,"8":6,"9":1,"10":12,"11":62,"12":1,"13":25,"14":58,"15":0,"16":0,"17":9,"18":0,"19":1},"fnMap":{"1":{"name":"(anonymous_1)","line":10,"loc":{"start":{"line":10,"column":13},"end":{"line":10,"column":34}}},"2":{"name":"(anonymous_2)","line":24,"loc":{"start":{"line":24,"column":11},"end":{"line":24,"column":14}}},"3":{"name":"(anonymous_3)","line":25,"loc":{"start":{"line":25,"column":12},"end":{"line":25,"column":15}}},"4":{"name":"(anonymous_4)","line":26,"loc":{"start":{"line":26,"column":10},"end":{"line":26,"column":13}}},"5":{"name":"(anonymous_5)","line":27,"loc":{"start":{"line":27,"column":7},"end":{"line":27,"column":10}}},"6":{"name":"(anonymous_6)","line":35,"loc":{"start":{"line":35,"column":12},"end":{"line":35,"column":15}}},"7":{"name":"(anonymous_7)","line":49,"loc":{"start":{"line":49,"column":8},"end":{"line":49,"column":11}}},"8":{"name":"(anonymous_8)","line":58,"loc":{"start":{"line":58,"column":7},"end":{"line":58,"column":10}}},"9":{"name":"(anonymous_9)","line":68,"loc":{"start":{"line":68,"column":15},"end":{"line":68,"column":18}}},"10":{"name":"(anonymous_10)","line":77,"loc":{"start":{"line":77,"column":13},"end":{"line":77,"column":28}}},"11":{"name":"(anonymous_11)","line":89,"loc":{"start":{"line":89,"column":8},"end":{"line":89,"column":18}}},"12":{"name":"(anonymous_12)","line":98,"loc":{"start":{"line":98,"column":6},"end":{"line":98,"column":16}}},"13":{"name":"(anonymous_13)","line":107,"loc":{"start":{"line":107,"column":5},"end":{"line":107,"column":16}}},"14":{"name":"(anonymous_14)","line":116,"loc":{"start":{"line":116,"column":8},"end":{"line":116,"column":25}}},"15":{"name":"(anonymous_15)","line":125,"loc":{"start":{"line":125,"column":8},"end":{"line":125,"column":18}}},"16":{"name":"(anonymous_16)","line":134,"loc":{"start":{"line":134,"column":8},"end":{"line":134,"column":30}}},"17":{"name":"(anonymous_17)","line":146,"loc":{"start":{"line":146,"column":11},"end":{"line":146,"column":32}}},"18":{"name":"(anonymous_18)","line":158,"loc":{"start":{"line":158,"column":9},"end":{"line":158,"column":31}}},"19":{"name":"(anonymous_19)","line":171,"loc":{"start":{"line":171,"column":21},"end":{"line":171,"column":33}}}},"statementMap":{"1":{"start":{"line":3,"column":0},"end":{"line":3,"column":32}},"2":{"start":{"line":4,"column":0},"end":{"line":4,"column":49}},"3":{"start":{"line":5,"column":0},"end":{"line":5,"column":25}},"4":{"start":{"line":6,"column":0},"end":{"line":6,"column":19}},"5":{"start":{"line":13,"column":4},"end":{"line":13,"column":60}},"6":{"start":{"line":14,"column":4},"end":{"line":14,"column":65}},"7":{"start":{"line":17,"column":4},"end":{"line":17,"column":17}},"8":{"start":{"line":20,"column":4},"end":{"line":20,"column":49}},"9":{"start":{"line":20,"column":27},"end":{"line":20,"column":47}},"10":{"start":{"line":24,"column":16},"end":{"line":24,"column":35}},"11":{"start":{"line":25,"column":17},"end":{"line":25,"column":31}},"12":{"start":{"line":26,"column":15},"end":{"line":26,"column":27}},"13":{"start":{"line":27,"column":12},"end":{"line":27,"column":21}},"14":{"start":{"line":36,"column":4},"end":{"line":40,"column":6}},"15":{"start":{"line":50,"column":4},"end":{"line":50,"column":14}},"16":{"start":{"line":59,"column":4},"end":{"line":59,"column":32}},"17":{"start":{"line":78,"column":4},"end":{"line":78,"column":41}},"18":{"start":{"line":79,"column":4},"end":{"line":79,"column":16}},"19":{"start":{"line":90,"column":4},"end":{"line":90,"column":35}},"20":{"start":{"line":99,"column":4},"end":{"line":99,"column":36}},"21":{"start":{"line":108,"column":4},"end":{"line":108,"column":36}},"22":{"start":{"line":117,"column":4},"end":{"line":117,"column":45}},"23":{"start":{"line":126,"column":4},"end":{"line":126,"column":38}},"24":{"start":{"line":135,"column":4},"end":{"line":135,"column":46}},"25":{"start":{"line":136,"column":4},"end":{"line":136,"column":37}},"26":{"start":{"line":137,"column":4},"end":{"line":137,"column":75}},"27":{"start":{"line":138,"column":4},"end":{"line":138,"column":16}},"28":{"start":{"line":147,"column":4},"end":{"line":147,"column":46}},"29":{"start":{"line":148,"column":4},"end":{"line":148,"column":36}},"30":{"start":{"line":149,"column":4},"end":{"line":149,"column":77}},"31":{"start":{"line":150,"column":4},"end":{"line":150,"column":16}},"32":{"start":{"line":159,"column":4},"end":{"line":159,"column":46}},"33":{"start":{"line":160,"column":4},"end":{"line":160,"column":37}},"34":{"start":{"line":161,"column":4},"end":{"line":161,"column":44}},"35":{"start":{"line":162,"column":4},"end":{"line":162,"column":56}},"36":{"start":{"line":163,"column":4},"end":{"line":163,"column":16}},"37":{"start":{"line":172,"column":4},"end":{"line":172,"column":46}},"38":{"start":{"line":173,"column":4},"end":{"line":173,"column":44}},"39":{"start":{"line":174,"column":4},"end":{"line":174,"column":64}},"40":{"start":{"line":175,"column":4},"end":{"line":175,"column":16}},"41":{"start":{"line":179,"column":0},"end":{"line":179,"column":29}}},"branchMap":{}},"/Users/abarba/Code/CCIS/cs4500/api/app/modules/common/service.js":{"path":"/Users/abarba/Code/CCIS/cs4500/api/app/modules/common/service.js","s":{"1":1,"2":6,"3":6,"4":146,"5":62,"6":25,"7":25,"8":53,"9":53,"10":5,"11":5,"12":0,"13":0,"14":4,"15":4,"16":0,"17":0,"18":34,"19":21,"20":13,"21":53,"22":28,"23":25,"24":25,"25":0,"26":25,"27":1},"b":{"1":[21,13],"2":[28,25],"3":[0,25]},"f":{"1":6,"2":146,"3":62,"4":25,"5":53,"6":5,"7":0,"8":4,"9":0,"10":34,"11":53},"fnMap":{"1":{"name":"(anonymous_1)","line":7,"loc":{"start":{"line":7,"column":13},"end":{"line":7,"column":21}}},"2":{"name":"(anonymous_2)","line":12,"loc":{"start":{"line":12,"column":11},"end":{"line":12,"column":14}}},"3":{"name":"(anonymous_3)","line":22,"loc":{"start":{"line":22,"column":8},"end":{"line":22,"column":24}}},"4":{"name":"(anonymous_4)","line":37,"loc":{"start":{"line":37,"column":6},"end":{"line":37,"column":23}}},"5":{"name":"(anonymous_5)","line":56,"loc":{"start":{"line":56,"column":11},"end":{"line":56,"column":30}}},"6":{"name":"(anonymous_6)","line":74,"loc":{"start":{"line":74,"column":11},"end":{"line":74,"column":30}}},"7":{"name":"(anonymous_7)","line":90,"loc":{"start":{"line":90,"column":6},"end":{"line":90,"column":22}}},"8":{"name":"(anonymous_8)","line":107,"loc":{"start":{"line":107,"column":15},"end":{"line":107,"column":41}}},"9":{"name":"(anonymous_9)","line":124,"loc":{"start":{"line":124,"column":20},"end":{"line":124,"column":48}}},"10":{"name":"(anonymous_10)","line":132,"loc":{"start":{"line":132,"column":8},"end":{"line":132,"column":18}}},"11":{"name":"(anonymous_11)","line":137,"loc":{"start":{"line":137,"column":11},"end":{"line":137,"column":21}}}},"statementMap":{"1":{"start":{"line":3,"column":0},"end":{"line":3,"column":52}},"2":{"start":{"line":8,"column":4},"end":{"line":8,"column":12}},"3":{"start":{"line":9,"column":4},"end":{"line":9,"column":24}},"4":{"start":{"line":12,"column":16},"end":{"line":12,"column":35}},"5":{"start":{"line":23,"column":4},"end":{"line":26,"column":18}},"6":{"start":{"line":38,"column":4},"end":{"line":40,"column":21}},"7":{"start":{"line":42,"column":4},"end":{"line":42,"column":32}},"8":{"start":{"line":57,"column":4},"end":{"line":60,"column":16}},"9":{"start":{"line":62,"column":4},"end":{"line":62,"column":35}},"10":{"start":{"line":75,"column":4},"end":{"line":77,"column":37}},"11":{"start":{"line":79,"column":4},"end":{"line":79,"column":32}},"12":{"start":{"line":91,"column":4},"end":{"line":93,"column":23}},"13":{"start":{"line":95,"column":4},"end":{"line":95,"column":32}},"14":{"start":{"line":108,"column":4},"end":{"line":110,"column":23}},"15":{"start":{"line":112,"column":4},"end":{"line":112,"column":32}},"16":{"start":{"line":125,"column":4},"end":{"line":127,"column":23}},"17":{"start":{"line":129,"column":4},"end":{"line":129,"column":35}},"18":{"start":{"line":133,"column":4},"end":{"line":133,"column":24}},"19":{"start":{"line":133,"column":15},"end":{"line":133,"column":24}},"20":{"start":{"line":134,"column":4},"end":{"line":134,"column":23}},"21":{"start":{"line":138,"column":4},"end":{"line":138,"column":24}},"22":{"start":{"line":138,"column":15},"end":{"line":138,"column":24}},"23":{"start":{"line":139,"column":4},"end":{"line":142,"column":7}},"24":{"start":{"line":140,"column":6},"end":{"line":140,"column":32}},"25":{"start":{"line":140,"column":15},"end":{"line":140,"column":32}},"26":{"start":{"line":141,"column":6},"end":{"line":141,"column":25}},"27":{"start":{"line":146,"column":0},"end":{"line":146,"column":31}}},"branchMap":{"1":{"line":133,"type":"if","locations":[{"start":{"line":133,"column":4},"end":{"line":133,"column":4}},{"start":{"line":133,"column":4},"end":{"line":133,"column":4}}]},"2":{"line":138,"type":"if","locations":[{"start":{"line":138,"column":4},"end":{"line":138,"column":4}},{"start":{"line":138,"column":4},"end":{"line":138,"column":4}}]},"3":{"line":140,"type":"if","locations":[{"start":{"line":140,"column":6},"end":{"line":140,"column":6}},{"start":{"line":140,"column":6},"end":{"line":140,"column":6}}]}}},"/Users/abarba/Code/CCIS/cs4500/api/app/modules/response/state.js":{"path":"/Users/abarba/Code/CCIS/cs4500/api/app/modules/response/state.js","s":{"1":1,"2":1},"b":{},"f":{},"fnMap":{},"statementMap":{"1":{"start":{"line":2,"column":0},"end":{"line":7,"column":2}},"2":{"start":{"line":9,"column":0},"end":{"line":9,"column":32}}},"branchMap":{}},"/Users/abarba/Code/CCIS/cs4500/api/app/modules/response/service.js":{"path":"/Users/abarba/Code/CCIS/cs4500/api/app/modules/response/service.js","s":{"1":1,"2":1,"3":1,"4":1,"5":0,"6":1,"7":0,"8":1,"9":0,"10":1,"11":0,"12":1,"13":0,"14":1,"15":1,"16":0,"17":0,"18":0,"19":0,"20":0,"21":0,"22":0,"23":0,"24":0,"25":0,"26":0,"27":0,"28":0,"29":0,"30":0,"31":1},"b":{"1":[0,1],"2":[0,1],"3":[0,1],"4":[0,1],"5":[0,1],"6":[0,0],"7":[0,0],"8":[0,0]},"f":{"1":1,"2":1,"3":0,"4":0,"5":0},"fnMap":{"1":{"name":"(anonymous_1)","line":22,"loc":{"start":{"line":22,"column":8},"end":{"line":22,"column":24}}},"2":{"name":"(anonymous_2)","line":40,"loc":{"start":{"line":40,"column":10},"end":{"line":40,"column":36}}},"3":{"name":"(anonymous_3)","line":54,"loc":{"start":{"line":54,"column":16},"end":{"line":54,"column":40}}},"4":{"name":"(anonymous_4)","line":76,"loc":{"start":{"line":76,"column":18},"end":{"line":76,"column":44}}},"5":{"name":"(anonymous_5)","line":98,"loc":{"start":{"line":98,"column":14},"end":{"line":98,"column":36}}}},"statementMap":{"1":{"start":{"line":3,"column":0},"end":{"line":3,"column":37}},"2":{"start":{"line":4,"column":0},"end":{"line":4,"column":56}},"3":{"start":{"line":7,"column":0},"end":{"line":7,"column":42}},"4":{"start":{"line":23,"column":4},"end":{"line":23,"column":109}},"5":{"start":{"line":23,"column":18},"end":{"line":23,"column":109}},"6":{"start":{"line":24,"column":4},"end":{"line":24,"column":119}},"7":{"start":{"line":24,"column":23},"end":{"line":24,"column":119}},"8":{"start":{"line":25,"column":4},"end":{"line":25,"column":123}},"9":{"start":{"line":25,"column":25},"end":{"line":25,"column":123}},"10":{"start":{"line":26,"column":4},"end":{"line":26,"column":131}},"11":{"start":{"line":26,"column":29},"end":{"line":26,"column":131}},"12":{"start":{"line":27,"column":4},"end":{"line":27,"column":127}},"13":{"start":{"line":27,"column":27},"end":{"line":27,"column":127}},"14":{"start":{"line":29,"column":4},"end":{"line":29,"column":39}},"15":{"start":{"line":41,"column":4},"end":{"line":44,"column":13}},"16":{"start":{"line":55,"column":4},"end":{"line":58,"column":5}},"17":{"start":{"line":56,"column":6},"end":{"line":56,"column":19}},"18":{"start":{"line":57,"column":6},"end":{"line":57,"column":38}},"19":{"start":{"line":60,"column":4},"end":{"line":64,"column":9}},"20":{"start":{"line":66,"column":4},"end":{"line":66,"column":32}},"21":{"start":{"line":77,"column":4},"end":{"line":80,"column":5}},"22":{"start":{"line":78,"column":6},"end":{"line":78,"column":19}},"23":{"start":{"line":79,"column":6},"end":{"line":79,"column":38}},"24":{"start":{"line":82,"column":4},"end":{"line":86,"column":9}},"25":{"start":{"line":88,"column":4},"end":{"line":88,"column":31}},"26":{"start":{"line":99,"column":4},"end":{"line":102,"column":5}},"27":{"start":{"line":100,"column":6},"end":{"line":100,"column":19}},"28":{"start":{"line":101,"column":6},"end":{"line":101,"column":35}},"29":{"start":{"line":104,"column":4},"end":{"line":108,"column":9}},"30":{"start":{"line":110,"column":4},"end":{"line":110,"column":32}},"31":{"start":{"line":114,"column":0},"end":{"line":114,"column":33}}},"branchMap":{"1":{"line":23,"type":"if","locations":[{"start":{"line":23,"column":4},"end":{"line":23,"column":4}},{"start":{"line":23,"column":4},"end":{"line":23,"column":4}}]},"2":{"line":24,"type":"if","locations":[{"start":{"line":24,"column":4},"end":{"line":24,"column":4}},{"start":{"line":24,"column":4},"end":{"line":24,"column":4}}]},"3":{"line":25,"type":"if","locations":[{"start":{"line":25,"column":4},"end":{"line":25,"column":4}},{"start":{"line":25,"column":4},"end":{"line":25,"column":4}}]},"4":{"line":26,"type":"if","locations":[{"start":{"line":26,"column":4},"end":{"line":26,"column":4}},{"start":{"line":26,"column":4},"end":{"line":26,"column":4}}]},"5":{"line":27,"type":"if","locations":[{"start":{"line":27,"column":4},"end":{"line":27,"column":4}},{"start":{"line":27,"column":4},"end":{"line":27,"column":4}}]},"6":{"line":55,"type":"if","locations":[{"start":{"line":55,"column":4},"end":{"line":55,"column":4}},{"start":{"line":55,"column":4},"end":{"line":55,"column":4}}]},"7":{"line":77,"type":"if","locations":[{"start":{"line":77,"column":4},"end":{"line":77,"column":4}},{"start":{"line":77,"column":4},"end":{"line":77,"column":4}}]},"8":{"line":99,"type":"if","locations":[{"start":{"line":99,"column":4},"end":{"line":99,"column":4}},{"start":{"line":99,"column":4},"end":{"line":99,"column":4}}]}}},"/Users/abarba/Code/CCIS/cs4500/api/app/modules/question/index.js":{"path":"/Users/abarba/Code/CCIS/cs4500/api/app/modules/question/index.js","s":{"1":1,"2":1,"3":1,"4":1,"5":1},"b":{},"f":{},"fnMap":{},"statementMap":{"1":{"start":{"line":3,"column":0},"end":{"line":3,"column":33}},"2":{"start":{"line":4,"column":0},"end":{"line":4,"column":37}},"3":{"start":{"line":6,"column":0},"end":{"line":6,"column":36}},"4":{"start":{"line":7,"column":0},"end":{"line":7,"column":35}},"5":{"start":{"line":9,"column":0},"end":{"line":9,"column":35}}},"branchMap":{}},"/Users/abarba/Code/CCIS/cs4500/api/app/modules/question/model.js":{"path":"/Users/abarba/Code/CCIS/cs4500/api/app/modules/question/model.js","s":{"1":1,"2":1,"3":1,"4":1,"5":1},"b":{},"f":{"1":1,"2":1},"fnMap":{"1":{"name":"(anonymous_1)","line":7,"loc":{"start":{"line":7,"column":8},"end":{"line":7,"column":11}}},"2":{"name":"(anonymous_2)","line":19,"loc":{"start":{"line":19,"column":15},"end":{"line":19,"column":18}}}},"statementMap":{"1":{"start":{"line":3,"column":0},"end":{"line":3,"column":52}},"2":{"start":{"line":8,"column":4},"end":{"line":16,"column":6}},"3":{"start":{"line":20,"column":4},"end":{"line":20,"column":37}},"4":{"start":{"line":21,"column":4},"end":{"line":21,"column":41}},"5":{"start":{"line":25,"column":0},"end":{"line":25,"column":31}}},"branchMap":{}},"/Users/abarba/Code/CCIS/cs4500/api/app/modules/question/service.js":{"path":"/Users/abarba/Code/CCIS/cs4500/api/app/modules/question/service.js","s":{"1":1,"2":1,"3":3,"4":0,"5":3,"6":0,"7":3,"8":0,"9":3,"10":0,"11":3,"12":2,"13":0,"14":1},"b":{"1":[0,3],"2":[0,3],"3":[0,3],"4":[0,3]},"f":{"1":3,"2":2,"3":0},"fnMap":{"1":{"name":"(anonymous_1)","line":17,"loc":{"start":{"line":17,"column":8},"end":{"line":17,"column":24}}},"2":{"name":"(anonymous_2)","line":33,"loc":{"start":{"line":33,"column":16},"end":{"line":33,"column":33}}},"3":{"name":"(anonymous_3)","line":44,"loc":{"start":{"line":44,"column":14},"end":{"line":44,"column":29}}}},"statementMap":{"1":{"start":{"line":3,"column":0},"end":{"line":3,"column":37}},"2":{"start":{"line":4,"column":0},"end":{"line":4,"column":56}},"3":{"start":{"line":18,"column":4},"end":{"line":18,"column":111}},"4":{"start":{"line":18,"column":18},"end":{"line":18,"column":111}},"5":{"start":{"line":19,"column":4},"end":{"line":19,"column":125}},"6":{"start":{"line":19,"column":25},"end":{"line":19,"column":125}},"7":{"start":{"line":20,"column":4},"end":{"line":20,"column":129}},"8":{"start":{"line":20,"column":27},"end":{"line":20,"column":129}},"9":{"start":{"line":21,"column":4},"end":{"line":21,"column":123}},"10":{"start":{"line":21,"column":24},"end":{"line":21,"column":123}},"11":{"start":{"line":23,"column":4},"end":{"line":23,"column":39}},"12":{"start":{"line":34,"column":4},"end":{"line":34,"column":54}},"13":{"start":{"line":45,"column":4},"end":{"line":45,"column":50}},"14":{"start":{"line":49,"column":0},"end":{"line":49,"column":33}}},"branchMap":{"1":{"line":18,"type":"if","locations":[{"start":{"line":18,"column":4},"end":{"line":18,"column":4}},{"start":{"line":18,"column":4},"end":{"line":18,"column":4}}]},"2":{"line":19,"type":"if","locations":[{"start":{"line":19,"column":4},"end":{"line":19,"column":4}},{"start":{"line":19,"column":4},"end":{"line":19,"column":4}}]},"3":{"line":20,"type":"if","locations":[{"start":{"line":20,"column":4},"end":{"line":20,"column":4}},{"start":{"line":20,"column":4},"end":{"line":20,"column":4}}]},"4":{"line":21,"type":"if","locations":[{"start":{"line":21,"column":4},"end":{"line":21,"column":4}},{"start":{"line":21,"column":4},"end":{"line":21,"column":4}}]}}},"/Users/abarba/Code/CCIS/cs4500/api/app/modules/survey/index.js":{"path":"/Users/abarba/Code/CCIS/cs4500/api/app/modules/survey/index.js","s":{"1":1,"2":1,"3":1,"4":1,"5":1,"6":1,"7":1},"b":{},"f":{},"fnMap":{},"statementMap":{"1":{"start":{"line":3,"column":0},"end":{"line":3,"column":33}},"2":{"start":{"line":4,"column":0},"end":{"line":4,"column":37}},"3":{"start":{"line":6,"column":0},"end":{"line":6,"column":34}},"4":{"start":{"line":7,"column":0},"end":{"line":7,"column":35}},"5":{"start":{"line":9,"column":0},"end":{"line":9,"column":35}},"6":{"start":{"line":10,"column":0},"end":{"line":10,"column":33}},"7":{"start":{"line":11,"column":0},"end":{"line":11,"column":35}}},"branchMap":{}},"/Users/abarba/Code/CCIS/cs4500/api/app/modules/survey/model.js":{"path":"/Users/abarba/Code/CCIS/cs4500/api/app/modules/survey/model.js","s":{"1":1,"2":1,"3":1,"4":1,"5":1,"6":1,"7":1,"8":1,"9":1},"b":{},"f":{"1":1,"2":1},"fnMap":{"1":{"name":"(anonymous_1)","line":12,"loc":{"start":{"line":12,"column":8},"end":{"line":12,"column":11}}},"2":{"name":"(anonymous_2)","line":24,"loc":{"start":{"line":24,"column":15},"end":{"line":24,"column":18}}}},"statementMap":{"1":{"start":{"line":3,"column":0},"end":{"line":3,"column":32}},"2":{"start":{"line":4,"column":0},"end":{"line":4,"column":52}},"3":{"start":{"line":7,"column":0},"end":{"line":7,"column":40}},"4":{"start":{"line":8,"column":0},"end":{"line":8,"column":38}},"5":{"start":{"line":13,"column":4},"end":{"line":21,"column":6}},"6":{"start":{"line":25,"column":4},"end":{"line":25,"column":37}},"7":{"start":{"line":26,"column":4},"end":{"line":26,"column":39}},"8":{"start":{"line":27,"column":4},"end":{"line":27,"column":37}},"9":{"start":{"line":31,"column":0},"end":{"line":31,"column":29}}},"branchMap":{}},"/Users/abarba/Code/CCIS/cs4500/api/app/modules/survey/state.js":{"path":"/Users/abarba/Code/CCIS/cs4500/api/app/modules/survey/state.js","s":{"1":1,"2":1},"b":{},"f":{},"fnMap":{},"statementMap":{"1":{"start":{"line":3,"column":0},"end":{"line":8,"column":2}},"2":{"start":{"line":10,"column":0},"end":{"line":10,"column":30}}},"branchMap":{}},"/Users/abarba/Code/CCIS/cs4500/api/app/modules/survey/time.js":{"path":"/Users/abarba/Code/CCIS/cs4500/api/app/modules/survey/time.js","s":{"1":1,"2":1},"b":{},"f":{},"fnMap":{},"statementMap":{"1":{"start":{"line":3,"column":0},"end":{"line":9,"column":2}},"2":{"start":{"line":11,"column":0},"end":{"line":11,"column":29}}},"branchMap":{}},"/Users/abarba/Code/CCIS/cs4500/api/app/modules/survey/service.js":{"path":"/Users/abarba/Code/CCIS/cs4500/api/app/modules/survey/service.js","s":{"1":1,"2":1,"3":1,"4":1,"5":1,"6":1,"7":1,"8":1,"9":1,"10":7,"11":0,"12":7,"13":0,"14":7,"15":0,"16":7,"17":0,"18":7,"19":1,"20":0,"21":1,"22":1,"23":1,"24":1,"25":1,"26":0,"27":1,"28":1,"29":1,"30":1,"31":0,"32":1,"33":1,"34":1,"35":1,"36":1,"37":0,"38":1,"39":1,"40":1,"41":1,"42":1,"43":1,"44":30,"45":30,"46":0,"47":30,"48":1,"49":1,"50":0,"51":0,"52":0,"53":0,"54":0,"55":0,"56":0,"57":0,"58":0,"59":0,"60":0,"61":0,"62":0,"63":1},"b":{"1":[0,7],"2":[0,7],"3":[0,7],"4":[0,7],"5":[0,1],"6":[0,0,0,0,0]},"f":{"1":7,"2":1,"3":0,"4":1,"5":1,"6":1,"7":0},"fnMap":{"1":{"name":"(anonymous_1)","line":28,"loc":{"start":{"line":28,"column":8},"end":{"line":28,"column":24}}},"2":{"name":"(anonymous_2)","line":44,"loc":{"start":{"line":44,"column":15},"end":{"line":44,"column":31}}},"3":{"name":"(anonymous_3)","line":55,"loc":{"start":{"line":55,"column":14},"end":{"line":55,"column":29}}},"4":{"name":"(anonymous_4)","line":69,"loc":{"start":{"line":69,"column":9},"end":{"line":69,"column":46}}},"5":{"name":"(anonymous_5)","line":103,"loc":{"start":{"line":103,"column":20},"end":{"line":103,"column":53}}},"6":{"name":"_generateResponses","line":120,"loc":{"start":{"line":120,"column":0},"end":{"line":120,"column":65}}},"7":{"name":"_responseDate","line":145,"loc":{"start":{"line":145,"column":0},"end":{"line":145,"column":35}}}},"statementMap":{"1":{"start":{"line":3,"column":0},"end":{"line":3,"column":32}},"2":{"start":{"line":4,"column":0},"end":{"line":4,"column":31}},"3":{"start":{"line":5,"column":0},"end":{"line":5,"column":33}},"4":{"start":{"line":6,"column":0},"end":{"line":6,"column":37}},"5":{"start":{"line":7,"column":0},"end":{"line":7,"column":56}},"6":{"start":{"line":10,"column":0},"end":{"line":10,"column":37}},"7":{"start":{"line":11,"column":0},"end":{"line":11,"column":45}},"8":{"start":{"line":12,"column":0},"end":{"line":12,"column":45}},"9":{"start":{"line":15,"column":0},"end":{"line":15,"column":38}},"10":{"start":{"line":29,"column":4},"end":{"line":29,"column":109}},"11":{"start":{"line":29,"column":18},"end":{"line":29,"column":109}},"12":{"start":{"line":30,"column":4},"end":{"line":30,"column":123}},"13":{"start":{"line":30,"column":25},"end":{"line":30,"column":123}},"14":{"start":{"line":31,"column":4},"end":{"line":31,"column":125}},"15":{"start":{"line":31,"column":26},"end":{"line":31,"column":125}},"16":{"start":{"line":32,"column":4},"end":{"line":32,"column":119}},"17":{"start":{"line":32,"column":23},"end":{"line":32,"column":119}},"18":{"start":{"line":34,"column":4},"end":{"line":34,"column":39}},"19":{"start":{"line":45,"column":4},"end":{"line":45,"column":52}},"20":{"start":{"line":56,"column":4},"end":{"line":56,"column":50}},"21":{"start":{"line":70,"column":4},"end":{"line":91,"column":7}},"22":{"start":{"line":72,"column":8},"end":{"line":72,"column":34}},"23":{"start":{"line":75,"column":8},"end":{"line":75,"column":32}},"24":{"start":{"line":78,"column":8},"end":{"line":78,"column":80}},"25":{"start":{"line":81,"column":6},"end":{"line":81,"column":32}},"26":{"start":{"line":81,"column":15},"end":{"line":81,"column":32}},"27":{"start":{"line":83,"column":6},"end":{"line":83,"column":34}},"28":{"start":{"line":85,"column":6},"end":{"line":85,"column":36}},"29":{"start":{"line":87,"column":6},"end":{"line":90,"column":33}},"30":{"start":{"line":89,"column":21},"end":{"line":89,"column":36}},"31":{"start":{"line":90,"column":22},"end":{"line":90,"column":31}},"32":{"start":{"line":104,"column":4},"end":{"line":116,"column":13}},"33":{"start":{"line":106,"column":8},"end":{"line":106,"column":49}},"34":{"start":{"line":109,"column":8},"end":{"line":109,"column":80}},"35":{"start":{"line":110,"column":8},"end":{"line":114,"column":35}},"36":{"start":{"line":113,"column":23},"end":{"line":113,"column":38}},"37":{"start":{"line":114,"column":24},"end":{"line":114,"column":33}},"38":{"start":{"line":120,"column":0},"end":{"line":143,"column":1}},"39":{"start":{"line":121,"column":2},"end":{"line":121,"column":39}},"40":{"start":{"line":122,"column":2},"end":{"line":122,"column":35}},"41":{"start":{"line":124,"column":2},"end":{"line":124,"column":27}},"42":{"start":{"line":125,"column":2},"end":{"line":125,"column":21}},"43":{"start":{"line":127,"column":2},"end":{"line":140,"column":31}},"44":{"start":{"line":128,"column":4},"end":{"line":137,"column":7}},"45":{"start":{"line":129,"column":6},"end":{"line":136,"column":9}},"46":{"start":{"line":130,"column":8},"end":{"line":135,"column":11}},"47":{"start":{"line":139,"column":4},"end":{"line":139,"column":31}},"48":{"start":{"line":142,"column":2},"end":{"line":142,"column":19}},"49":{"start":{"line":145,"column":0},"end":{"line":167,"column":1}},"50":{"start":{"line":146,"column":2},"end":{"line":146,"column":37}},"51":{"start":{"line":148,"column":2},"end":{"line":164,"column":3}},"52":{"start":{"line":150,"column":6},"end":{"line":150,"column":33}},"53":{"start":{"line":151,"column":6},"end":{"line":151,"column":12}},"54":{"start":{"line":153,"column":6},"end":{"line":153,"column":33}},"55":{"start":{"line":154,"column":6},"end":{"line":154,"column":12}},"56":{"start":{"line":156,"column":6},"end":{"line":156,"column":34}},"57":{"start":{"line":157,"column":6},"end":{"line":157,"column":12}},"58":{"start":{"line":159,"column":6},"end":{"line":159,"column":33}},"59":{"start":{"line":160,"column":6},"end":{"line":160,"column":12}},"60":{"start":{"line":162,"column":6},"end":{"line":162,"column":34}},"61":{"start":{"line":163,"column":6},"end":{"line":163,"column":12}},"62":{"start":{"line":166,"column":2},"end":{"line":166,"column":23}},"63":{"start":{"line":169,"column":0},"end":{"line":169,"column":31}}},"branchMap":{"1":{"line":29,"type":"if","locations":[{"start":{"line":29,"column":4},"end":{"line":29,"column":4}},{"start":{"line":29,"column":4},"end":{"line":29,"column":4}}]},"2":{"line":30,"type":"if","locations":[{"start":{"line":30,"column":4},"end":{"line":30,"column":4}},{"start":{"line":30,"column":4},"end":{"line":30,"column":4}}]},"3":{"line":31,"type":"if","locations":[{"start":{"line":31,"column":4},"end":{"line":31,"column":4}},{"start":{"line":31,"column":4},"end":{"line":31,"column":4}}]},"4":{"line":32,"type":"if","locations":[{"start":{"line":32,"column":4},"end":{"line":32,"column":4}},{"start":{"line":32,"column":4},"end":{"line":32,"column":4}}]},"5":{"line":81,"type":"if","locations":[{"start":{"line":81,"column":6},"end":{"line":81,"column":6}},{"start":{"line":81,"column":6},"end":{"line":81,"column":6}}]},"6":{"line":148,"type":"switch","locations":[{"start":{"line":149,"column":4},"end":{"line":151,"column":12}},{"start":{"line":152,"column":4},"end":{"line":154,"column":12}},{"start":{"line":155,"column":4},"end":{"line":157,"column":12}},{"start":{"line":158,"column":4},"end":{"line":160,"column":12}},{"start":{"line":161,"column":4},"end":{"line":163,"column":12}}]}}},"/Users/abarba/Code/CCIS/cs4500/api/app/modules/user/index.js":{"path":"/Users/abarba/Code/CCIS/cs4500/api/app/modules/user/index.js","s":{"1":1,"2":1,"3":1,"4":1,"5":1,"6":1},"b":{},"f":{},"fnMap":{},"statementMap":{"1":{"start":{"line":3,"column":0},"end":{"line":3,"column":33}},"2":{"start":{"line":4,"column":0},"end":{"line":4,"column":37}},"3":{"start":{"line":6,"column":0},"end":{"line":6,"column":32}},"4":{"start":{"line":7,"column":0},"end":{"line":7,"column":35}},"5":{"start":{"line":9,"column":0},"end":{"line":9,"column":35}},"6":{"start":{"line":10,"column":0},"end":{"line":10,"column":33}}},"branchMap":{}},"/Users/abarba/Code/CCIS/cs4500/api/app/modules/user/model.js":{"path":"/Users/abarba/Code/CCIS/cs4500/api/app/modules/user/model.js","s":{"1":1,"2":1,"3":1,"4":1,"5":1,"6":1,"7":1,"8":1,"9":1,"10":1,"11":1},"b":{},"f":{"1":1,"2":1},"fnMap":{"1":{"name":"(anonymous_1)","line":14,"loc":{"start":{"line":14,"column":8},"end":{"line":14,"column":11}}},"2":{"name":"(anonymous_2)","line":29,"loc":{"start":{"line":29,"column":7},"end":{"line":29,"column":10}}}},"statementMap":{"1":{"start":{"line":3,"column":0},"end":{"line":3,"column":32}},"2":{"start":{"line":6,"column":0},"end":{"line":6,"column":52}},"3":{"start":{"line":9,"column":0},"end":{"line":9,"column":36}},"4":{"start":{"line":10,"column":0},"end":{"line":10,"column":41}},"5":{"start":{"line":15,"column":4},"end":{"line":26,"column":6}},"6":{"start":{"line":30,"column":4},"end":{"line":30,"column":18}},"7":{"start":{"line":31,"column":4},"end":{"line":31,"column":30}},"8":{"start":{"line":32,"column":4},"end":{"line":32,"column":31}},"9":{"start":{"line":33,"column":4},"end":{"line":33,"column":75}},"10":{"start":{"line":33,"column":36},"end":{"line":33,"column":73}},"11":{"start":{"line":37,"column":0},"end":{"line":37,"column":27}}},"branchMap":{}},"/Users/abarba/Code/CCIS/cs4500/api/app/modules/user/type.js":{"path":"/Users/abarba/Code/CCIS/cs4500/api/app/modules/user/type.js","s":{"1":1,"2":1},"b":{},"f":{},"fnMap":{},"statementMap":{"1":{"start":{"line":2,"column":0},"end":{"line":5,"column":2}},"2":{"start":{"line":7,"column":0},"end":{"line":7,"column":27}}},"branchMap":{}},"/Users/abarba/Code/CCIS/cs4500/api/app/modules/user/push-type.js":{"path":"/Users/abarba/Code/CCIS/cs4500/api/app/modules/user/push-type.js","s":{"1":1,"2":1},"b":{},"f":{},"fnMap":{},"statementMap":{"1":{"start":{"line":2,"column":0},"end":{"line":5,"column":2}},"2":{"start":{"line":7,"column":0},"end":{"line":7,"column":27}}},"branchMap":{}},"/Users/abarba/Code/CCIS/cs4500/api/app/modules/user/service.js":{"path":"/Users/abarba/Code/CCIS/cs4500/api/app/modules/user/service.js","s":{"1":1,"2":1,"3":2,"4":23,"5":0,"6":23,"7":0,"8":23,"9":0,"10":23,"11":0,"12":23,"13":0,"14":23,"15":23,"16":0,"17":23,"18":2,"19":21,"20":1,"21":1,"22":1,"23":1,"24":0,"25":0,"26":1,"27":0,"28":0,"29":1,"30":1,"31":1,"32":1},"b":{"1":[0,23],"2":[0,23],"3":[0,23],"4":[0,23],"5":[0,23],"6":[0,23],"7":[2,21],"8":[0,1],"9":[0,1]},"f":{"1":2,"2":23,"3":1,"4":1},"fnMap":{"1":{"name":"(anonymous_1)","line":13,"loc":{"start":{"line":13,"column":13},"end":{"line":13,"column":27}}},"2":{"name":"(anonymous_2)","line":29,"loc":{"start":{"line":29,"column":8},"end":{"line":29,"column":24}}},"3":{"name":"(anonymous_3)","line":58,"loc":{"start":{"line":58,"column":14},"end":{"line":58,"column":29}}},"4":{"name":"(anonymous_4)","line":70,"loc":{"start":{"line":70,"column":8},"end":{"line":70,"column":30}}}},"statementMap":{"1":{"start":{"line":3,"column":0},"end":{"line":3,"column":37}},"2":{"start":{"line":4,"column":0},"end":{"line":4,"column":56}},"3":{"start":{"line":14,"column":4},"end":{"line":14,"column":62}},"4":{"start":{"line":30,"column":4},"end":{"line":30,"column":107}},"5":{"start":{"line":30,"column":18},"end":{"line":30,"column":107}},"6":{"start":{"line":31,"column":4},"end":{"line":31,"column":119}},"7":{"start":{"line":31,"column":24},"end":{"line":31,"column":119}},"8":{"start":{"line":32,"column":4},"end":{"line":32,"column":127}},"9":{"start":{"line":32,"column":28},"end":{"line":32,"column":127}},"10":{"start":{"line":33,"column":4},"end":{"line":33,"column":125}},"11":{"start":{"line":33,"column":27},"end":{"line":33,"column":125}},"12":{"start":{"line":34,"column":4},"end":{"line":34,"column":117}},"13":{"start":{"line":34,"column":23},"end":{"line":34,"column":117}},"14":{"start":{"line":36,"column":4},"end":{"line":48,"column":7}},"15":{"start":{"line":37,"column":6},"end":{"line":37,"column":32}},"16":{"start":{"line":37,"column":15},"end":{"line":37,"column":32}},"17":{"start":{"line":38,"column":6},"end":{"line":38,"column":103}},"18":{"start":{"line":38,"column":16},"end":{"line":38,"column":103}},"19":{"start":{"line":40,"column":6},"end":{"line":47,"column":15}},"20":{"start":{"line":59,"column":4},"end":{"line":59,"column":50}},"21":{"start":{"line":72,"column":4},"end":{"line":72,"column":39}},"22":{"start":{"line":73,"column":4},"end":{"line":73,"column":33}},"23":{"start":{"line":75,"column":4},"end":{"line":89,"column":5}},"24":{"start":{"line":76,"column":6},"end":{"line":78,"column":9}},"25":{"start":{"line":77,"column":8},"end":{"line":77,"column":51}},"26":{"start":{"line":79,"column":11},"end":{"line":89,"column":5}},"27":{"start":{"line":80,"column":6},"end":{"line":82,"column":9}},"28":{"start":{"line":81,"column":8},"end":{"line":81,"column":58}},"29":{"start":{"line":84,"column":6},"end":{"line":88,"column":9}},"30":{"start":{"line":85,"column":8},"end":{"line":87,"column":57}},"31":{"start":{"line":91,"column":4},"end":{"line":91,"column":17}},"32":{"start":{"line":95,"column":0},"end":{"line":95,"column":29}}},"branchMap":{"1":{"line":30,"type":"if","locations":[{"start":{"line":30,"column":4},"end":{"line":30,"column":4}},{"start":{"line":30,"column":4},"end":{"line":30,"column":4}}]},"2":{"line":31,"type":"if","locations":[{"start":{"line":31,"column":4},"end":{"line":31,"column":4}},{"start":{"line":31,"column":4},"end":{"line":31,"column":4}}]},"3":{"line":32,"type":"if","locations":[{"start":{"line":32,"column":4},"end":{"line":32,"column":4}},{"start":{"line":32,"column":4},"end":{"line":32,"column":4}}]},"4":{"line":33,"type":"if","locations":[{"start":{"line":33,"column":4},"end":{"line":33,"column":4}},{"start":{"line":33,"column":4},"end":{"line":33,"column":4}}]},"5":{"line":34,"type":"if","locations":[{"start":{"line":34,"column":4},"end":{"line":34,"column":4}},{"start":{"line":34,"column":4},"end":{"line":34,"column":4}}]},"6":{"line":37,"type":"if","locations":[{"start":{"line":37,"column":6},"end":{"line":37,"column":6}},{"start":{"line":37,"column":6},"end":{"line":37,"column":6}}]},"7":{"line":38,"type":"if","locations":[{"start":{"line":38,"column":6},"end":{"line":38,"column":6}},{"start":{"line":38,"column":6},"end":{"line":38,"column":6}}]},"8":{"line":75,"type":"if","locations":[{"start":{"line":75,"column":4},"end":{"line":75,"column":4}},{"start":{"line":75,"column":4},"end":{"line":75,"column":4}}]},"9":{"line":79,"type":"if","locations":[{"start":{"line":79,"column":11},"end":{"line":79,"column":11}},{"start":{"line":79,"column":11},"end":{"line":79,"column":11}}]}}},"/Users/abarba/Code/CCIS/cs4500/api/app/modules/group/index.js":{"path":"/Users/abarba/Code/CCIS/cs4500/api/app/modules/group/index.js","s":{"1":1,"2":1,"3":1,"4":1,"5":1},"b":{},"f":{},"fnMap":{},"statementMap":{"1":{"start":{"line":3,"column":0},"end":{"line":3,"column":33}},"2":{"start":{"line":4,"column":0},"end":{"line":4,"column":37}},"3":{"start":{"line":6,"column":0},"end":{"line":6,"column":33}},"4":{"start":{"line":7,"column":0},"end":{"line":7,"column":35}},"5":{"start":{"line":9,"column":0},"end":{"line":9,"column":35}}},"branchMap":{}},"/Users/abarba/Code/CCIS/cs4500/api/app/modules/group/model.js":{"path":"/Users/abarba/Code/CCIS/cs4500/api/app/modules/group/model.js","s":{"1":1,"2":1,"3":1,"4":1},"b":{},"f":{"1":1,"2":1},"fnMap":{"1":{"name":"(anonymous_1)","line":7,"loc":{"start":{"line":7,"column":8},"end":{"line":7,"column":11}}},"2":{"name":"(anonymous_2)","line":14,"loc":{"start":{"line":14,"column":15},"end":{"line":14,"column":18}}}},"statementMap":{"1":{"start":{"line":3,"column":0},"end":{"line":3,"column":52}},"2":{"start":{"line":8,"column":4},"end":{"line":11,"column":6}},"3":{"start":{"line":15,"column":4},"end":{"line":15,"column":37}},"4":{"start":{"line":19,"column":0},"end":{"line":19,"column":28}}},"branchMap":{}},"/Users/abarba/Code/CCIS/cs4500/api/app/modules/group/service.js":{"path":"/Users/abarba/Code/CCIS/cs4500/api/app/modules/group/service.js","s":{"1":1,"2":1,"3":11,"4":0,"5":11,"6":0,"7":11,"8":0,"9":11,"10":1,"11":1},"b":{"1":[0,11],"2":[0,11],"3":[0,11]},"f":{"1":11,"2":1},"fnMap":{"1":{"name":"(anonymous_1)","line":17,"loc":{"start":{"line":17,"column":8},"end":{"line":17,"column":24}}},"2":{"name":"(anonymous_2)","line":32,"loc":{"start":{"line":32,"column":14},"end":{"line":32,"column":29}}}},"statementMap":{"1":{"start":{"line":3,"column":0},"end":{"line":3,"column":37}},"2":{"start":{"line":4,"column":0},"end":{"line":4,"column":56}},"3":{"start":{"line":18,"column":4},"end":{"line":18,"column":108}},"4":{"start":{"line":18,"column":18},"end":{"line":18,"column":108}},"5":{"start":{"line":19,"column":4},"end":{"line":19,"column":122}},"6":{"start":{"line":19,"column":25},"end":{"line":19,"column":122}},"7":{"start":{"line":20,"column":4},"end":{"line":20,"column":118}},"8":{"start":{"line":20,"column":23},"end":{"line":20,"column":118}},"9":{"start":{"line":22,"column":4},"end":{"line":22,"column":39}},"10":{"start":{"line":33,"column":4},"end":{"line":33,"column":50}},"11":{"start":{"line":37,"column":0},"end":{"line":37,"column":30}}},"branchMap":{"1":{"line":18,"type":"if","locations":[{"start":{"line":18,"column":4},"end":{"line":18,"column":4}},{"start":{"line":18,"column":4},"end":{"line":18,"column":4}}]},"2":{"line":19,"type":"if","locations":[{"start":{"line":19,"column":4},"end":{"line":19,"column":4}},{"start":{"line":19,"column":4},"end":{"line":19,"column":4}}]},"3":{"line":20,"type":"if","locations":[{"start":{"line":20,"column":4},"end":{"line":20,"column":4}},{"start":{"line":20,"column":4},"end":{"line":20,"column":4}}]}}},"/Users/abarba/Code/CCIS/cs4500/api/app/modules/auth/index.js":{"path":"/Users/abarba/Code/CCIS/cs4500/api/app/modules/auth/index.js","s":{"1":1,"2":1,"3":1,"4":1,"5":1},"b":{},"f":{},"fnMap":{},"statementMap":{"1":{"start":{"line":3,"column":0},"end":{"line":3,"column":33}},"2":{"start":{"line":4,"column":0},"end":{"line":4,"column":37}},"3":{"start":{"line":6,"column":0},"end":{"line":6,"column":32}},"4":{"start":{"line":7,"column":0},"end":{"line":7,"column":35}},"5":{"start":{"line":9,"column":0},"end":{"line":9,"column":35}}},"branchMap":{}},"/Users/abarba/Code/CCIS/cs4500/api/app/modules/auth/model.js":{"path":"/Users/abarba/Code/CCIS/cs4500/api/app/modules/auth/model.js","s":{"1":1,"2":1,"3":1,"4":1,"5":1,"6":1,"7":19,"8":1},"b":{},"f":{"1":1,"2":1,"3":1,"4":19},"fnMap":{"1":{"name":"(anonymous_1)","line":8,"loc":{"start":{"line":8,"column":8},"end":{"line":8,"column":11}}},"2":{"name":"(anonymous_2)","line":16,"loc":{"start":{"line":16,"column":7},"end":{"line":16,"column":10}}},"3":{"name":"(anonymous_3)","line":21,"loc":{"start":{"line":21,"column":15},"end":{"line":21,"column":18}}},"4":{"name":"(anonymous_4)","line":25,"loc":{"start":{"line":25,"column":15},"end":{"line":25,"column":18}}}},"statementMap":{"1":{"start":{"line":3,"column":0},"end":{"line":3,"column":35}},"2":{"start":{"line":4,"column":0},"end":{"line":4,"column":52}},"3":{"start":{"line":9,"column":4},"end":{"line":13,"column":6}},"4":{"start":{"line":17,"column":4},"end":{"line":17,"column":18}},"5":{"start":{"line":18,"column":4},"end":{"line":18,"column":30}},"6":{"start":{"line":22,"column":4},"end":{"line":22,"column":37}},"7":{"start":{"line":26,"column":4},"end":{"line":26,"column":32}},"8":{"start":{"line":30,"column":0},"end":{"line":30,"column":27}}},"branchMap":{}},"/Users/abarba/Code/CCIS/cs4500/api/app/lib/utils.js":{"path":"/Users/abarba/Code/CCIS/cs4500/api/app/lib/utils.js","s":{"1":1,"2":10019,"3":10019,"4":10019,"5":10019,"6":10019,"7":1},"b":{"1":[0,10019]},"f":{"1":10019},"fnMap":{"1":{"name":"(anonymous_1)","line":14,"loc":{"start":{"line":14,"column":11},"end":{"line":14,"column":20}}}},"statementMap":{"1":{"start":{"line":3,"column":0},"end":{"line":3,"column":33}},"2":{"start":{"line":15,"column":4},"end":{"line":15,"column":36}},"3":{"start":{"line":16,"column":4},"end":{"line":16,"column":31}},"4":{"start":{"line":17,"column":4},"end":{"line":17,"column":44}},"5":{"start":{"line":18,"column":4},"end":{"line":18,"column":37}},"6":{"start":{"line":19,"column":4},"end":{"line":19,"column":46}},"7":{"start":{"line":23,"column":0},"end":{"line":23,"column":29}}},"branchMap":{"1":{"line":19,"type":"cond-expr","locations":[{"start":{"line":19,"column":17},"end":{"line":19,"column":36}},{"start":{"line":19,"column":39},"end":{"line":19,"column":45}}]}}},"/Users/abarba/Code/CCIS/cs4500/api/app/modules/auth/service.js":{"path":"/Users/abarba/Code/CCIS/cs4500/api/app/modules/auth/service.js","s":{"1":1,"2":1,"3":1,"4":1,"5":1,"6":1,"7":1,"8":1,"9":26,"10":2,"11":21,"12":0,"13":21,"14":0,"15":21,"16":0,"17":21,"18":0,"19":21,"20":0,"21":21,"22":0,"23":21,"24":21,"25":21,"26":21,"27":0,"28":21,"29":0,"30":21,"31":19,"32":21,"33":2,"34":19,"35":19,"36":19,"37":2,"38":0,"39":2,"40":0,"41":2,"42":0,"43":2,"44":2,"45":2,"46":0,"47":2,"48":0,"49":2,"50":2,"51":2,"52":0,"53":2,"54":0,"55":2,"56":2,"57":2,"58":0,"59":2,"60":0,"61":2,"62":2,"63":0,"64":2,"65":1,"66":1,"67":2,"68":1,"69":1,"70":1,"71":1,"72":20,"73":20,"74":20,"75":1},"b":{"1":[0,21],"2":[0,21],"3":[0,21],"4":[0,21],"5":[0,21],"6":[0,21],"7":[0,21],"8":[0,21],"9":[2,19],"10":[0,2],"11":[0,2],"12":[0,2],"13":[0,2],"14":[0,2],"15":[0,2],"16":[0,2],"17":[0,2],"18":[0,2],"19":[0,2],"20":[1,1],"21":[1,1]},"f":{"1":26,"2":2,"3":21,"4":2,"5":20},"fnMap":{"1":{"name":"(anonymous_1)","line":25,"loc":{"start":{"line":25,"column":13},"end":{"line":25,"column":27}}},"2":{"name":"(anonymous_2)","line":36,"loc":{"start":{"line":36,"column":14},"end":{"line":36,"column":29}}},"3":{"name":"(anonymous_3)","line":52,"loc":{"start":{"line":52,"column":10},"end":{"line":52,"column":26}}},"4":{"name":"(anonymous_4)","line":97,"loc":{"start":{"line":97,"column":7},"end":{"line":97,"column":23}}},"5":{"name":"sanitizeAuth","line":142,"loc":{"start":{"line":142,"column":0},"end":{"line":142,"column":28}}}},"statementMap":{"1":{"start":{"line":3,"column":0},"end":{"line":3,"column":31}},"2":{"start":{"line":4,"column":0},"end":{"line":4,"column":33}},"3":{"start":{"line":5,"column":0},"end":{"line":5,"column":37}},"4":{"start":{"line":6,"column":0},"end":{"line":6,"column":56}},"5":{"start":{"line":9,"column":0},"end":{"line":9,"column":37}},"6":{"start":{"line":12,"column":0},"end":{"line":12,"column":30}},"7":{"start":{"line":13,"column":0},"end":{"line":13,"column":31}},"8":{"start":{"line":14,"column":0},"end":{"line":14,"column":28}},"9":{"start":{"line":26,"column":4},"end":{"line":26,"column":48}},"10":{"start":{"line":37,"column":4},"end":{"line":37,"column":50}},"11":{"start":{"line":53,"column":4},"end":{"line":53,"column":109}},"12":{"start":{"line":53,"column":18},"end":{"line":53,"column":109}},"13":{"start":{"line":54,"column":4},"end":{"line":54,"column":121}},"14":{"start":{"line":54,"column":24},"end":{"line":54,"column":121}},"15":{"start":{"line":55,"column":4},"end":{"line":55,"column":127}},"16":{"start":{"line":55,"column":27},"end":{"line":55,"column":127}},"17":{"start":{"line":56,"column":4},"end":{"line":56,"column":129}},"18":{"start":{"line":56,"column":28},"end":{"line":56,"column":129}},"19":{"start":{"line":57,"column":4},"end":{"line":57,"column":127}},"20":{"start":{"line":57,"column":27},"end":{"line":57,"column":127}},"21":{"start":{"line":58,"column":4},"end":{"line":58,"column":119}},"22":{"start":{"line":58,"column":23},"end":{"line":58,"column":119}},"23":{"start":{"line":60,"column":4},"end":{"line":85,"column":7}},"24":{"start":{"line":63,"column":8},"end":{"line":63,"column":35}},"25":{"start":{"line":67,"column":8},"end":{"line":67,"column":40}},"26":{"start":{"line":68,"column":8},"end":{"line":68,"column":160}},"27":{"start":{"line":68,"column":51},"end":{"line":68,"column":160}},"28":{"start":{"line":69,"column":8},"end":{"line":69,"column":159}},"29":{"start":{"line":69,"column":51},"end":{"line":69,"column":159}},"30":{"start":{"line":71,"column":8},"end":{"line":71,"column":54}},"31":{"start":{"line":75,"column":8},"end":{"line":78,"column":17}},"32":{"start":{"line":81,"column":6},"end":{"line":81,"column":32}},"33":{"start":{"line":81,"column":15},"end":{"line":81,"column":32}},"34":{"start":{"line":82,"column":6},"end":{"line":82,"column":30}},"35":{"start":{"line":83,"column":6},"end":{"line":83,"column":31}},"36":{"start":{"line":84,"column":6},"end":{"line":84,"column":37}},"37":{"start":{"line":98,"column":4},"end":{"line":98,"column":106}},"38":{"start":{"line":98,"column":18},"end":{"line":98,"column":106}},"39":{"start":{"line":99,"column":4},"end":{"line":99,"column":118}},"40":{"start":{"line":99,"column":24},"end":{"line":99,"column":118}},"41":{"start":{"line":100,"column":4},"end":{"line":100,"column":124}},"42":{"start":{"line":100,"column":27},"end":{"line":100,"column":124}},"43":{"start":{"line":102,"column":4},"end":{"line":138,"column":7}},"44":{"start":{"line":105,"column":8},"end":{"line":109,"column":11}},"45":{"start":{"line":106,"column":10},"end":{"line":106,"column":36}},"46":{"start":{"line":106,"column":19},"end":{"line":106,"column":36}},"47":{"start":{"line":107,"column":10},"end":{"line":107,"column":84}},"48":{"start":{"line":107,"column":21},"end":{"line":107,"column":84}},"49":{"start":{"line":108,"column":10},"end":{"line":108,"column":27}},"50":{"start":{"line":113,"column":8},"end":{"line":120,"column":13}},"51":{"start":{"line":117,"column":12},"end":{"line":117,"column":38}},"52":{"start":{"line":117,"column":21},"end":{"line":117,"column":38}},"53":{"start":{"line":118,"column":12},"end":{"line":118,"column":103}},"54":{"start":{"line":118,"column":26},"end":{"line":118,"column":103}},"55":{"start":{"line":119,"column":12},"end":{"line":119,"column":38}},"56":{"start":{"line":124,"column":8},"end":{"line":124,"column":40}},"57":{"start":{"line":125,"column":8},"end":{"line":125,"column":160}},"58":{"start":{"line":125,"column":51},"end":{"line":125,"column":160}},"59":{"start":{"line":126,"column":8},"end":{"line":126,"column":159}},"60":{"start":{"line":126,"column":51},"end":{"line":126,"column":159}},"61":{"start":{"line":128,"column":8},"end":{"line":132,"column":11}},"62":{"start":{"line":129,"column":10},"end":{"line":129,"column":36}},"63":{"start":{"line":129,"column":19},"end":{"line":129,"column":36}},"64":{"start":{"line":130,"column":10},"end":{"line":130,"column":87}},"65":{"start":{"line":130,"column":20},"end":{"line":130,"column":87}},"66":{"start":{"line":131,"column":10},"end":{"line":131,"column":33}},"67":{"start":{"line":135,"column":6},"end":{"line":135,"column":32}},"68":{"start":{"line":135,"column":15},"end":{"line":135,"column":32}},"69":{"start":{"line":136,"column":6},"end":{"line":136,"column":23}},"70":{"start":{"line":137,"column":6},"end":{"line":137,"column":37}},"71":{"start":{"line":142,"column":0},"end":{"line":146,"column":1}},"72":{"start":{"line":143,"column":2},"end":{"line":143,"column":23}},"73":{"start":{"line":144,"column":2},"end":{"line":144,"column":21}},"74":{"start":{"line":145,"column":2},"end":{"line":145,"column":14}},"75":{"start":{"line":148,"column":0},"end":{"line":148,"column":29}}},"branchMap":{"1":{"line":53,"type":"if","locations":[{"start":{"line":53,"column":4},"end":{"line":53,"column":4}},{"start":{"line":53,"column":4},"end":{"line":53,"column":4}}]},"2":{"line":54,"type":"if","locations":[{"start":{"line":54,"column":4},"end":{"line":54,"column":4}},{"start":{"line":54,"column":4},"end":{"line":54,"column":4}}]},"3":{"line":55,"type":"if","locations":[{"start":{"line":55,"column":4},"end":{"line":55,"column":4}},{"start":{"line":55,"column":4},"end":{"line":55,"column":4}}]},"4":{"line":56,"type":"if","locations":[{"start":{"line":56,"column":4},"end":{"line":56,"column":4}},{"start":{"line":56,"column":4},"end":{"line":56,"column":4}}]},"5":{"line":57,"type":"if","locations":[{"start":{"line":57,"column":4},"end":{"line":57,"column":4}},{"start":{"line":57,"column":4},"end":{"line":57,"column":4}}]},"6":{"line":58,"type":"if","locations":[{"start":{"line":58,"column":4},"end":{"line":58,"column":4}},{"start":{"line":58,"column":4},"end":{"line":58,"column":4}}]},"7":{"line":68,"type":"if","locations":[{"start":{"line":68,"column":8},"end":{"line":68,"column":8}},{"start":{"line":68,"column":8},"end":{"line":68,"column":8}}]},"8":{"line":69,"type":"if","locations":[{"start":{"line":69,"column":8},"end":{"line":69,"column":8}},{"start":{"line":69,"column":8},"end":{"line":69,"column":8}}]},"9":{"line":81,"type":"if","locations":[{"start":{"line":81,"column":6},"end":{"line":81,"column":6}},{"start":{"line":81,"column":6},"end":{"line":81,"column":6}}]},"10":{"line":98,"type":"if","locations":[{"start":{"line":98,"column":4},"end":{"line":98,"column":4}},{"start":{"line":98,"column":4},"end":{"line":98,"column":4}}]},"11":{"line":99,"type":"if","locations":[{"start":{"line":99,"column":4},"end":{"line":99,"column":4}},{"start":{"line":99,"column":4},"end":{"line":99,"column":4}}]},"12":{"line":100,"type":"if","locations":[{"start":{"line":100,"column":4},"end":{"line":100,"column":4}},{"start":{"line":100,"column":4},"end":{"line":100,"column":4}}]},"13":{"line":106,"type":"if","locations":[{"start":{"line":106,"column":10},"end":{"line":106,"column":10}},{"start":{"line":106,"column":10},"end":{"line":106,"column":10}}]},"14":{"line":107,"type":"if","locations":[{"start":{"line":107,"column":10},"end":{"line":107,"column":10}},{"start":{"line":107,"column":10},"end":{"line":107,"column":10}}]},"15":{"line":117,"type":"if","locations":[{"start":{"line":117,"column":12},"end":{"line":117,"column":12}},{"start":{"line":117,"column":12},"end":{"line":117,"column":12}}]},"16":{"line":118,"type":"if","locations":[{"start":{"line":118,"column":12},"end":{"line":118,"column":12}},{"start":{"line":118,"column":12},"end":{"line":118,"column":12}}]},"17":{"line":125,"type":"if","locations":[{"start":{"line":125,"column":8},"end":{"line":125,"column":8}},{"start":{"line":125,"column":8},"end":{"line":125,"column":8}}]},"18":{"line":126,"type":"if","locations":[{"start":{"line":126,"column":8},"end":{"line":126,"column":8}},{"start":{"line":126,"column":8},"end":{"line":126,"column":8}}]},"19":{"line":129,"type":"if","locations":[{"start":{"line":129,"column":10},"end":{"line":129,"column":10}},{"start":{"line":129,"column":10},"end":{"line":129,"column":10}}]},"20":{"line":130,"type":"if","locations":[{"start":{"line":130,"column":10},"end":{"line":130,"column":10}},{"start":{"line":130,"column":10},"end":{"line":130,"column":10}}]},"21":{"line":135,"type":"if","locations":[{"start":{"line":135,"column":6},"end":{"line":135,"column":6}},{"start":{"line":135,"column":6},"end":{"line":135,"column":6}}]}}},"/Users/abarba/Code/CCIS/cs4500/api/app/api/routes.js":{"path":"/Users/abarba/Code/CCIS/cs4500/api/app/api/routes.js","s":{"1":1,"2":1,"3":1,"4":1,"5":1,"6":1,"7":1},"b":{},"f":{},"fnMap":{},"statementMap":{"1":{"start":{"line":7,"column":0},"end":{"line":7,"column":20}},"2":{"start":{"line":8,"column":0},"end":{"line":8,"column":18}},"3":{"start":{"line":9,"column":0},"end":{"line":9,"column":19}},"4":{"start":{"line":10,"column":0},"end":{"line":10,"column":20}},"5":{"start":{"line":11,"column":0},"end":{"line":11,"column":18}},"6":{"start":{"line":12,"column":0},"end":{"line":12,"column":22}},"7":{"start":{"line":13,"column":0},"end":{"line":13,"column":22}}},"branchMap":{}},"/Users/abarba/Code/CCIS/cs4500/api/app/api/status/index.js":{"path":"/Users/abarba/Code/CCIS/cs4500/api/app/api/status/index.js","s":{"1":1,"2":1},"b":{},"f":{},"fnMap":{},"statementMap":{"1":{"start":{"line":3,"column":0},"end":{"line":3,"column":45}},"2":{"start":{"line":4,"column":0},"end":{"line":4,"column":37}}},"branchMap":{}},"/Users/abarba/Code/CCIS/cs4500/api/app/api/status/controller.js":{"path":"/Users/abarba/Code/CCIS/cs4500/api/app/api/status/controller.js","s":{"1":1,"2":1,"3":1},"b":{},"f":{},"fnMap":{},"statementMap":{"1":{"start":{"line":3,"column":0},"end":{"line":3,"column":33}},"2":{"start":{"line":13,"column":0},"end":{"line":20,"column":2}},"3":{"start":{"line":14,"column":2},"end":{"line":19,"column":5}}},"branchMap":{}},"/Users/abarba/Code/CCIS/cs4500/api/app/api/status/router.js":{"path":"/Users/abarba/Code/CCIS/cs4500/api/app/api/status/router.js","s":{"1":1,"2":1,"3":1,"4":1,"5":1},"b":{},"f":{},"fnMap":{},"statementMap":{"1":{"start":{"line":3,"column":0},"end":{"line":3,"column":48}},"2":{"start":{"line":4,"column":0},"end":{"line":4,"column":43}},"3":{"start":{"line":6,"column":0},"end":{"line":18,"column":3}},"4":{"start":{"line":16,"column":4},"end":{"line":16,"column":38}},"5":{"start":{"line":20,"column":0},"end":{"line":24,"column":3}}},"branchMap":{}},"/Users/abarba/Code/CCIS/cs4500/api/app/api/auth/index.js":{"path":"/Users/abarba/Code/CCIS/cs4500/api/app/api/auth/index.js","s":{"1":1,"2":1},"b":{},"f":{},"fnMap":{},"statementMap":{"1":{"start":{"line":3,"column":0},"end":{"line":3,"column":45}},"2":{"start":{"line":4,"column":0},"end":{"line":4,"column":37}}},"branchMap":{}},"/Users/abarba/Code/CCIS/cs4500/api/app/api/auth/controller.js":{"path":"/Users/abarba/Code/CCIS/cs4500/api/app/api/auth/controller.js","s":{"1":1,"2":1,"3":1,"4":3,"5":3,"6":2,"7":1,"8":1,"9":1,"10":1,"11":0,"12":1,"13":1,"14":2,"15":2,"16":2,"17":2,"18":1,"19":1},"b":{"1":[2,1],"2":[0,1],"3":[1,1]},"f":{},"fnMap":{},"statementMap":{"1":{"start":{"line":3,"column":0},"end":{"line":3,"column":37}},"2":{"start":{"line":6,"column":0},"end":{"line":6,"column":47}},"3":{"start":{"line":16,"column":0},"end":{"line":29,"column":2}},"4":{"start":{"line":18,"column":2},"end":{"line":28,"column":5}},"5":{"start":{"line":26,"column":4},"end":{"line":26,"column":30}},"6":{"start":{"line":26,"column":13},"end":{"line":26,"column":30}},"7":{"start":{"line":27,"column":4},"end":{"line":27,"column":31}},"8":{"start":{"line":39,"column":0},"end":{"line":53,"column":2}},"9":{"start":{"line":41,"column":2},"end":{"line":52,"column":5}},"10":{"start":{"line":50,"column":4},"end":{"line":50,"column":30}},"11":{"start":{"line":50,"column":13},"end":{"line":50,"column":30}},"12":{"start":{"line":51,"column":4},"end":{"line":51,"column":31}},"13":{"start":{"line":63,"column":0},"end":{"line":75,"column":2}},"14":{"start":{"line":65,"column":2},"end":{"line":65,"column":29}},"15":{"start":{"line":66,"column":2},"end":{"line":66,"column":35}},"16":{"start":{"line":68,"column":2},"end":{"line":74,"column":5}},"17":{"start":{"line":72,"column":4},"end":{"line":72,"column":30}},"18":{"start":{"line":72,"column":13},"end":{"line":72,"column":30}},"19":{"start":{"line":73,"column":4},"end":{"line":73,"column":31}}},"branchMap":{"1":{"line":26,"type":"if","locations":[{"start":{"line":26,"column":4},"end":{"line":26,"column":4}},{"start":{"line":26,"column":4},"end":{"line":26,"column":4}}]},"2":{"line":50,"type":"if","locations":[{"start":{"line":50,"column":4},"end":{"line":50,"column":4}},{"start":{"line":50,"column":4},"end":{"line":50,"column":4}}]},"3":{"line":72,"type":"if","locations":[{"start":{"line":72,"column":4},"end":{"line":72,"column":4}},{"start":{"line":72,"column":4},"end":{"line":72,"column":4}}]}}},"/Users/abarba/Code/CCIS/cs4500/api/app/api/auth/router.js":{"path":"/Users/abarba/Code/CCIS/cs4500/api/app/api/auth/router.js","s":{"1":1,"2":1,"3":1,"4":1,"5":1,"6":1,"7":3,"8":3,"9":3,"10":1,"11":1,"12":1,"13":1,"14":1,"15":1,"16":2,"17":2,"18":2,"19":1},"b":{},"f":{},"fnMap":{},"statementMap":{"1":{"start":{"line":3,"column":0},"end":{"line":3,"column":31}},"2":{"start":{"line":4,"column":0},"end":{"line":4,"column":48}},"3":{"start":{"line":5,"column":0},"end":{"line":5,"column":43}},"4":{"start":{"line":6,"column":0},"end":{"line":6,"column":41}},"5":{"start":{"line":7,"column":0},"end":{"line":7,"column":40}},"6":{"start":{"line":9,"column":0},"end":{"line":24,"column":3}},"7":{"start":{"line":19,"column":4},"end":{"line":22,"column":13}},"8":{"start":{"line":20,"column":14},"end":{"line":20,"column":56}},"9":{"start":{"line":21,"column":14},"end":{"line":21,"column":49}},"10":{"start":{"line":26,"column":0},"end":{"line":42,"column":3}},"11":{"start":{"line":36,"column":4},"end":{"line":40,"column":13}},"12":{"start":{"line":37,"column":14},"end":{"line":37,"column":58}},"13":{"start":{"line":38,"column":14},"end":{"line":38,"column":56}},"14":{"start":{"line":39,"column":14},"end":{"line":39,"column":55}},"15":{"start":{"line":44,"column":0},"end":{"line":59,"column":3}},"16":{"start":{"line":54,"column":4},"end":{"line":57,"column":13}},"17":{"start":{"line":55,"column":14},"end":{"line":55,"column":53}},"18":{"start":{"line":56,"column":14},"end":{"line":5
[...]
:{"start":{"line":39,"column":4},"end":{"line":39,"column":30}},"14":{"start":{"line":39,"column":13},"end":{"line":39,"column":30}},"15":{"start":{"line":40,"column":4},"end":{"line":40,"column":33}},"16":{"start":{"line":52,"column":0},"end":{"line":65,"column":2}},"17":{"start":{"line":54,"column":2},"end":{"line":54,"column":26}},"18":{"start":{"line":56,"column":2},"end":{"line":64,"column":7}},"19":{"start":{"line":62,"column":6},"end":{"line":62,"column":32}},"20":{"start":{"line":62,"column":15},"end":{"line":62,"column":32}},"21":{"start":{"line":63,"column":6},"end":{"line":63,"column":38}},"22":{"start":{"line":75,"column":0},"end":{"line":91,"column":2}},"23":{"start":{"line":77,"column":2},"end":{"line":77,"column":26}},"24":{"start":{"line":78,"column":2},"end":{"line":78,"column":30}},"25":{"start":{"line":80,"column":2},"end":{"line":90,"column":3}},"26":{"start":{"line":81,"column":4},"end":{"line":84,"column":7}},"27":{"start":{"line":82,"column":6},"end":{"line":82,"column":32}},"28":{"start":{"line":82,"column":15},"end":{"line":82,"column":32}},"29":{"start":{"line":83,"column":6},"end":{"line":83,"column":34}},"30":{"start":{"line":86,"column":4},"end":{"line":89,"column":7}},"31":{"start":{"line":87,"column":6},"end":{"line":87,"column":32}},"32":{"start":{"line":87,"column":15},"end":{"line":87,"column":32}},"33":{"start":{"line":88,"column":6},"end":{"line":88,"column":34}},"34":{"start":{"line":101,"column":0},"end":{"line":115,"column":2}},"35":{"start":{"line":103,"column":2},"end":{"line":103,"column":29}},"36":{"start":{"line":104,"column":2},"end":{"line":107,"column":4}},"37":{"start":{"line":109,"column":2},"end":{"line":114,"column":5}},"38":{"start":{"line":112,"column":4},"end":{"line":112,"column":30}},"39":{"start":{"line":112,"column":13},"end":{"line":112,"column":30}},"40":{"start":{"line":113,"column":4},"end":{"line":113,"column":32}}},"branchMap":{"1":{"line":21,"type":"if","locations":[{"start":{"line":21,"column":4},"end":{"line":21,"column":4}},{"start":{"line":21,"column":4},"end":{"line":21,"column":4}}]},"2":{"line":39,"type":"if","locations":[{"start":{"line":39,"column":4},"end":{"line":39,"column":4}},{"start":{"line":39,"column":4},"end":{"line":39,"column":4}}]},"3":{"line":62,"type":"if","locations":[{"start":{"line":62,"column":6},"end":{"line":62,"column":6}},{"start":{"line":62,"column":6},"end":{"line":62,"column":6}}]},"4":{"line":80,"type":"if","locations":[{"start":{"line":80,"column":2},"end":{"line":80,"column":2}},{"start":{"line":80,"column":2},"end":{"line":80,"column":2}}]},"5":{"line":80,"type":"binary-expr","locations":[{"start":{"line":80,"column":6},"end":{"line":80,"column":11}},{"start":{"line":80,"column":15},"end":{"line":80,"column":33}}]},"6":{"line":82,"type":"if","locations":[{"start":{"line":82,"column":6},"end":{"line":82,"column":6}},{"start":{"line":82,"column":6},"end":{"line":82,"column":6}}]},"7":{"line":87,"type":"if","locations":[{"start":{"line":87,"column":6},"end":{"line":87,"column":6}},{"start":{"line":87,"column":6},"end":{"line":87,"column":6}}]},"8":{"line":112,"type":"if","locations":[{"start":{"line":112,"column":4},"end":{"line":112,"column":4}},{"start":{"line":112,"column":4},"end":{"line":112,"column":4}}]}}},"/Users/abarba/Code/CCIS/cs4500/api/app/api/user/router.js":{"path":"/Users/abarba/Code/CCIS/cs4500/api/app/api/user/router.js","s":{"1":1,"2":1,"3":1,"4":1,"5":1,"6":1,"7":2,"8":2,"9":1,"10":1,"11":2,"12":2,"13":1,"14":1,"15":1,"16":0,"17":0,"18":0,"19":0,"20":1,"21":2,"22":2,"23":1,"24":1,"25":1,"26":2,"27":2,"28":2,"29":1,"30":1},"b":{},"f":{},"fnMap":{},"statementMap":{"1":{"start":{"line":3,"column":0},"end":{"line":3,"column":31}},"2":{"start":{"line":4,"column":0},"end":{"line":4,"column":48}},"3":{"start":{"line":5,"column":0},"end":{"line":5,"column":43}},"4":{"start":{"line":6,"column":0},"end":{"line":6,"column":41}},"5":{"start":{"line":7,"column":0},"end":{"line":7,"column":40}},"6":{"start":{"line":9,"column":0},"end":{"line":24,"column":3}},"7":{"start":{"line":19,"column":4},"end":{"line":22,"column":13}},"8":{"start":{"line":20,"column":14},"end":{"line":20,"column":48}},"9":{"start":{"line":21,"column":14},"end":{"line":21,"column":43}},"10":{"start":{"line":26,"column":0},"end":{"line":42,"column":3}},"11":{"start":{"line":36,"column":4},"end":{"line":40,"column":13}},"12":{"start":{"line":37,"column":14},"end":{"line":37,"column":58}},"13":{"start":{"line":38,"column":14},"end":{"line":38,"column":54}},"14":{"start":{"line":39,"column":14},"end":{"line":39,"column":51}},"15":{"start":{"line":44,"column":0},"end":{"line":60,"column":3}},"16":{"start":{"line":54,"column":4},"end":{"line":58,"column":13}},"17":{"start":{"line":55,"column":14},"end":{"line":55,"column":54}},"18":{"start":{"line":56,"column":14},"end":{"line":56,"column":54}},"19":{"start":{"line":57,"column":14},"end":{"line":57,"column":54}},"20":{"start":{"line":62,"column":0},"end":{"line":78,"column":3}},"21":{"start":{"line":72,"column":4},"end":{"line":76,"column":13}},"22":{"start":{"line":73,"column":14},"end":{"line":73,"column":54}},"23":{"start":{"line":74,"column":14},"end":{"line":74,"column":58}},"24":{"start":{"line":75,"column":14},"end":{"line":75,"column":50}},"25":{"start":{"line":80,"column":0},"end":{"line":96,"column":3}},"26":{"start":{"line":90,"column":4},"end":{"line":94,"column":13}},"27":{"start":{"line":91,"column":14},"end":{"line":91,"column":54}},"28":{"start":{"line":92,"column":14},"end":{"line":92,"column":55}},"29":{"start":{"line":93,"column":14},"end":{"line":93,"column":48}},"30":{"start":{"line":98,"column":0},"end":{"line":102,"column":3}}},"branchMap":{}},"/Users/abarba/Code/CCIS/cs4500/api/app/api/user/validator.js":{"path":"/Users/abarba/Code/CCIS/cs4500/api/app/api/user/validator.js","s":{"1":1,"2":2,"3":2,"4":2,"5":1},"b":{},"f":{"1":2},"fnMap":{"1":{"name":"(anonymous_1)","line":7,"loc":{"start":{"line":7,"column":17},"end":{"line":7,"column":34}}}},"statementMap":{"1":{"start":{"line":3,"column":0},"end":{"line":3,"column":56}},"2":{"start":{"line":9,"column":4},"end":{"line":9,"column":49}},"3":{"start":{"line":10,"column":4},"end":{"line":10,"column":48}},"4":{"start":{"line":12,"column":4},"end":{"line":12,"column":34}},"5":{"start":{"line":16,"column":0},"end":{"line":16,"column":37}}},"branchMap":{}},"/Users/abarba/Code/CCIS/cs4500/api/app/api/user/authorization.js":{"path":"/Users/abarba/Code/CCIS/cs4500/api/app/api/user/authorization.js","s":{"1":1,"2":1},"b":{},"f":{},"fnMap":{},"statementMap":{"1":{"start":{"line":3,"column":0},"end":{"line":3,"column":55}},"2":{"start":{"line":5,"column":0},"end":{"line":5,"column":34}}},"branchMap":{}},"/Users/abarba/Code/CCIS/cs4500/api/app/api/question/index.js":{"path":"/Users/abarba/Code/CCIS/cs4500/api/app/api/question/index.js","s":{"1":1,"2":1},"b":{},"f":{},"fnMap":{},"statementMap":{"1":{"start":{"line":3,"column":0},"end":{"line":3,"column":45}},"2":{"start":{"line":4,"column":0},"end":{"line":4,"column":37}}},"branchMap":{}},"/Users/abarba/Code/CCIS/cs4500/api/app/api/question/controller.js":{"path":"/Users/abarba/Code/CCIS/cs4500/api/app/api/question/controller.js","s":{"1":1,"2":1,"3":1,"4":1,"5":1,"6":1,"7":1,"8":1,"9":1,"10":0,"11":1,"12":1,"13":0,"14":0,"15":0,"16":0,"17":0,"18":0,"19":1,"20":0,"21":0,"22":0,"23":0,"24":0},"b":{"1":[0,1],"2":[0,0],"3":[0,0]},"f":{},"fnMap":{},"statementMap":{"1":{"start":{"line":3,"column":0},"end":{"line":3,"column":45}},"2":{"start":{"line":4,"column":0},"end":{"line":4,"column":45}},"3":{"start":{"line":14,"column":0},"end":{"line":30,"column":2}},"4":{"start":{"line":16,"column":2},"end":{"line":16,"column":26}},"5":{"start":{"line":17,"column":2},"end":{"line":17,"column":35}},"6":{"start":{"line":18,"column":2},"end":{"line":18,"column":29}},"7":{"start":{"line":19,"column":2},"end":{"line":19,"column":37}},"8":{"start":{"line":21,"column":2},"end":{"line":29,"column":5}},"9":{"start":{"line":27,"column":4},"end":{"line":27,"column":30}},"10":{"start":{"line":27,"column":13},"end":{"line":27,"column":30}},"11":{"start":{"line":28,"column":4},"end":{"line":28,"column":35}},"12":{"start":{"line":40,"column":0},"end":{"line":51,"column":2}},"13":{"start":{"line":42,"column":2},"end":{"line":42,"column":33}},"14":{"start":{"line":43,"column":2},"end":{"line":43,"column":29}},"15":{"start":{"line":45,"column":2},"end":{"line":50,"column":5}},"16":{"start":{"line":48,"column":4},"end":{"line":48,"column":30}},"17":{"start":{"line":48,"column":13},"end":{"line":48,"column":30}},"18":{"start":{"line":49,"column":4},"end":{"line":49,"column":35}},"19":{"start":{"line":61,"column":0},"end":{"line":69,"column":2}},"20":{"start":{"line":63,"column":2},"end":{"line":63,"column":33}},"21":{"start":{"line":65,"column":2},"end":{"line":68,"column":5}},"22":{"start":{"line":66,"column":4},"end":{"line":66,"column":30}},"23":{"start":{"line":66,"column":13},"end":{"line":66,"column":30}},"24":{"start":{"line":67,"column":4},"end":{"line":67,"column":36}}},"branchMap":{"1":{"line":27,"type":"if","locations":[{"start":{"line":27,"column":4},"end":{"line":27,"column":4}},{"start":{"line":27,"column":4},"end":{"line":27,"column":4}}]},"2":{"line":48,"type":"if","locations":[{"start":{"line":48,"column":4},"end":{"line":48,"column":4}},{"start":{"line":48,"column":4},"end":{"line":48,"column":4}}]},"3":{"line":66,"type":"if","locations":[{"start":{"line":66,"column":4},"end":{"line":66,"column":4}},{"start":{"line":66,"column":4},"end":{"line":66,"column":4}}]}}},"/Users/abarba/Code/CCIS/cs4500/api/app/api/question/router.js":{"path":"/Users/abarba/Code/CCIS/cs4500/api/app/api/question/router.js","s":{"1":1,"2":1,"3":1,"4":1,"5":1,"6":1,"7":1,"8":2,"9":2,"10":1,"11":1,"12":1,"13":0,"14":0,"15":0,"16":0,"17":1,"18":0,"19":0,"20":0,"21":1},"b":{},"f":{},"fnMap":{},"statementMap":{"1":{"start":{"line":3,"column":0},"end":{"line":3,"column":31}},"2":{"start":{"line":4,"column":0},"end":{"line":4,"column":48}},"3":{"start":{"line":5,"column":0},"end":{"line":5,"column":43}},"4":{"start":{"line":6,"column":0},"end":{"line":6,"column":41}},"5":{"start":{"line":7,"column":0},"end":{"line":7,"column":40}},"6":{"start":{"line":8,"column":0},"end":{"line":8,"column":54}},"7":{"start":{"line":10,"column":0},"end":{"line":26,"column":3}},"8":{"start":{"line":20,"column":4},"end":{"line":24,"column":13}},"9":{"start":{"line":21,"column":14},"end":{"line":21,"column":60}},"10":{"start":{"line":22,"column":14},"end":{"line":22,"column":54}},"11":{"start":{"line":23,"column":14},"end":{"line":23,"column":47}},"12":{"start":{"line":28,"column":0},"end":{"line":44,"column":3}},"13":{"start":{"line":38,"column":4},"end":{"line":42,"column":13}},"14":{"start":{"line":39,"column":14},"end":{"line":39,"column":56}},"15":{"start":{"line":40,"column":14},"end":{"line":40,"column":54}},"16":{"start":{"line":41,"column":14},"end":{"line":41,"column":47}},"17":{"start":{"line":46,"column":0},"end":{"line":61,"column":3}},"18":{"start":{"line":56,"column":4},"end":{"line":59,"column":13}},"19":{"start":{"line":57,"column":14},"end":{"line":57,"column":56}},"20":{"start":{"line":58,"column":14},"end":{"line":58,"column":54}},"21":{"start":{"line":63,"column":0},"end":{"line":67,"column":3}}},"branchMap":{}},"/Users/abarba/Code/CCIS/cs4500/api/app/api/question/validator.js":{"path":"/Users/abarba/Code/CCIS/cs4500/api/app/api/question/validator.js","s":{"1":1,"2":1,"3":1,"4":1,"5":1,"6":0,"7":0,"8":1},"b":{},"f":{"1":1,"2":0},"fnMap":{"1":{"name":"(anonymous_1)","line":7,"loc":{"start":{"line":7,"column":16},"end":{"line":7,"column":33}}},"2":{"name":"(anonymous_2)","line":16,"loc":{"start":{"line":16,"column":16},"end":{"line":16,"column":33}}}},"statementMap":{"1":{"start":{"line":3,"column":0},"end":{"line":3,"column":56}},"2":{"start":{"line":9,"column":4},"end":{"line":9,"column":49}},"3":{"start":{"line":10,"column":4},"end":{"line":10,"column":52}},"4":{"start":{"line":11,"column":4},"end":{"line":11,"column":52}},"5":{"start":{"line":13,"column":4},"end":{"line":13,"column":34}},"6":{"start":{"line":18,"column":4},"end":{"line":18,"column":49}},"7":{"start":{"line":20,"column":4},"end":{"line":20,"column":34}},"8":{"start":{"line":24,"column":0},"end":{"line":24,"column":41}}},"branchMap":{}},"/Users/abarba/Code/CCIS/cs4500/api/app/api/question/authorization.js":{"path":"/Users/abarba/Code/CCIS/cs4500/api/app/api/question/authorization.js","s":{"1":1,"2":1,"3":1,"4":0,"5":0,"6":0,"7":0,"8":0,"9":0,"10":0,"11":1},"b":{"1":[0,0],"2":[0,0],"3":[0,0],"4":[0,0],"5":[0,0]},"f":{"1":0},"fnMap":{"1":{"name":"(anonymous_1)","line":16,"loc":{"start":{"line":16,"column":23},"end":{"line":16,"column":40}}}},"statementMap":{"1":{"start":{"line":3,"column":0},"end":{"line":3,"column":37}},"2":{"start":{"line":4,"column":0},"end":{"line":4,"column":55}},"3":{"start":{"line":7,"column":0},"end":{"line":7,"column":45}},"4":{"start":{"line":17,"column":4},"end":{"line":27,"column":7}},"5":{"start":{"line":18,"column":6},"end":{"line":18,"column":32}},"6":{"start":{"line":18,"column":15},"end":{"line":18,"column":32}},"7":{"start":{"line":20,"column":6},"end":{"line":26,"column":11}},"8":{"start":{"line":24,"column":10},"end":{"line":24,"column":72}},"9":{"start":{"line":24,"column":32},"end":{"line":24,"column":72}},"10":{"start":{"line":25,"column":10},"end":{"line":25,"column":93}},"11":{"start":{"line":31,"column":0},"end":{"line":31,"column":36}}},"branchMap":{"1":{"line":18,"type":"if","locations":[{"start":{"line":18,"column":6},"end":{"line":18,"column":6}},{"start":{"line":18,"column":6},"end":{"line":18,"column":6}}]},"2":{"line":21,"type":"binary-expr","locations":[{"start":{"line":21,"column":14},"end":{"line":21,"column":33}},{"start":{"line":21,"column":37},"end":{"line":21,"column":50}}]},"3":{"line":24,"type":"if","locations":[{"start":{"line":24,"column":10},"end":{"line":24,"column":10}},{"start":{"line":24,"column":10},"end":{"line":24,"column":10}}]},"4":{"line":24,"type":"binary-expr","locations":[{"start":{"line":24,"column":14},"end":{"line":24,"column":17}},{"start":{"line":24,"column":21},"end":{"line":24,"column":30}}]},"5":{"line":25,"type":"cond-expr","locations":[{"start":{"line":25,"column":50},"end":{"line":25,"column":56}},{"start":{"line":25,"column":59},"end":{"line":25,"column":92}}]}}},"/Users/abarba/Code/CCIS/cs4500/api/app/api/response/index.js":{"path":"/Users/abarba/Code/CCIS/cs4500/api/app/api/response/index.js","s":{"1":1,"2":1},"b":{},"f":{},"fnMap":{},"statementMap":{"1":{"start":{"line":3,"column":0},"end":{"line":3,"column":45}},"2":{"start":{"line":4,"column":0},"end":{"line":4,"column":37}}},"branchMap":{}},"/Users/abarba/Code/CCIS/cs4500/api/app/api/response/controller.js":{"path":"/Users/abarba/Code/CCIS/cs4500/api/app/api/response/controller.js","s":{"1":1,"2":1,"3":1,"4":1,"5":1,"6":1,"7":0,"8":1},"b":{"1":[0,1]},"f":{},"fnMap":{},"statementMap":{"1":{"start":{"line":3,"column":0},"end":{"line":3,"column":45}},"2":{"start":{"line":13,"column":0},"end":{"line":22,"column":2}},"3":{"start":{"line":15,"column":2},"end":{"line":15,"column":33}},"4":{"start":{"line":16,"column":2},"end":{"line":16,"column":29}},"5":{"start":{"line":18,"column":2},"end":{"line":21,"column":5}},"6":{"start":{"line":19,"column":4},"end":{"line":19,"column":30}},"7":{"start":{"line":19,"column":13},"end":{"line":19,"column":30}},"8":{"start":{"line":20,"column":4},"end":{"line":20,"column":35}}},"branchMap":{"1":{"line":19,"type":"if","locations":[{"start":{"line":19,"column":4},"end":{"line":19,"column":4}},{"start":{"line":19,"column":4},"end":{"line":19,"column":4}}]}}},"/Users/abarba/Code/CCIS/cs4500/api/app/api/response/router.js":{"path":"/Users/abarba/Code/CCIS/cs4500/api/app/api/response/router.js","s":{"1":1,"2":1,"3":1,"4":1,"5":1,"6":1,"7":2,"8":2,"9":1,"10":1,"11":1},"b":{},"f":{},"fnMap":{},"statementMap":{"1":{"start":{"line":3,"column":0},"end":{"line":3,"column":31}},"2":{"start":{"line":4,"column":0},"end":{"line":4,"column":48}},"3":{"start":{"line":5,"column":0},"end":{"line":5,"column":43}},"4":{"start":{"line":6,"column":0},"end":{"line":6,"column":41}},"5":{"start":{"line":7,"column":0},"end":{"line":7,"column":40}},"6":{"start":{"line":9,"column":0},"end":{"line":25,"column":3}},"7":{"start":{"line":19,"column":4},"end":{"line":23,"column":13}},"8":{"start":{"line":20,"column":14},"end":{"line":20,"column":56}},"9":{"start":{"line":21,"column":14},"end":{"line":21,"column":54}},"10":{"start":{"line":22,"column":14},"end":{"line":22,"column":47}},"11":{"start":{"line":27,"column":0},"end":{"line":31,"column":3}}},"branchMap":{}},"/Users/abarba/Code/CCIS/cs4500/api/app/api/response/validator.js":{"path":"/Users/abarba/Code/CCIS/cs4500/api/app/api/response/validator.js","s":{"1":1,"2":1,"3":1,"4":1},"b":{},"f":{"1":1},"fnMap":{"1":{"name":"(anonymous_1)","line":7,"loc":{"start":{"line":7,"column":16},"end":{"line":7,"column":33}}}},"statementMap":{"1":{"start":{"line":3,"column":0},"end":{"line":3,"column":56}},"2":{"start":{"line":9,"column":4},"end":{"line":9,"column":49}},"3":{"start":{"line":11,"column":4},"end":{"line":11,"column":34}},"4":{"start":{"line":15,"column":0},"end":{"line":15,"column":41}}},"branchMap":{}},"/Users/abarba/Code/CCIS/cs4500/api/app/api/response/authorization.js":{"path":"/Users/abarba/Code/CCIS/cs4500/api/app/api/response/authorization.js","s":{"1":1,"2":1,"3":1,"4":2,"5":2,"6":1,"7":1,"8":1,"9":0,"10":1,"11":1},"b":{"1":[1,1],"2":[1,1],"3":[0,1],"4":[1,1],"5":[1,0]},"f":{"1":2},"fnMap":{"1":{"name":"(anonymous_1)","line":16,"loc":{"start":{"line":16,"column":23},"end":{"line":16,"column":40}}}},"statementMap":{"1":{"start":{"line":3,"column":0},"end":{"line":3,"column":37}},"2":{"start":{"line":4,"column":0},"end":{"line":4,"column":55}},"3":{"start":{"line":7,"column":0},"end":{"line":7,"column":45}},"4":{"start":{"line":17,"column":4},"end":{"line":27,"column":7}},"5":{"start":{"line":18,"column":6},"end":{"line":18,"column":32}},"6":{"start":{"line":18,"column":15},"end":{"line":18,"column":32}},"7":{"start":{"line":20,"column":6},"end":{"line":26,"column":11}},"8":{"start":{"line":24,"column":10},"end":{"line":24,"column":72}},"9":{"start":{"line":24,"column":32},"end":{"line":24,"column":72}},"10":{"start":{"line":25,"column":10},"end":{"line":25,"column":93}},"11":{"start":{"line":31,"column":0},"end":{"line":31,"column":36}}},"branchMap":{"1":{"line":18,"type":"if","locations":[{"start":{"line":18,"column":6},"end":{"line":18,"column":6}},{"start":{"line":18,"column":6},"end":{"line":18,"column":6}}]},"2":{"line":21,"type":"binary-expr","locations":[{"start":{"line":21,"column":14},"end":{"line":21,"column":33}},{"start":{"line":21,"column":37},"end":{"line":21,"column":50}}]},"3":{"line":24,"type":"if","locations":[{"start":{"line":24,"column":10},"end":{"line":24,"column":10}},{"start":{"line":24,"column":10},"end":{"line":24,"column":10}}]},"4":{"line":24,"type":"binary-expr","locations":[{"start":{"line":24,"column":14},"end":{"line":24,"column":17}},{"start":{"line":24,"column":21},"end":{"line":24,"column":30}}]},"5":{"line":25,"type":"cond-expr","locations":[{"start":{"line":25,"column":50},"end":{"line":25,"column":56}},{"start":{"line":25,"column":59},"end":{"line":25,"column":92}}]}}},"/Users/abarba/Code/CCIS/cs4500/api/app/api/root/index.js":{"path":"/Users/abarba/Code/CCIS/cs4500/api/app/api/root/index.js","s":{"1":1},"b":{},"f":{},"fnMap":{},"statementMap":{"1":{"start":{"line":3,"column":0},"end":{"line":3,"column":45}}},"branchMap":{}},"/Users/abarba/Code/CCIS/cs4500/api/app/api/root/controller.js":{"path":"/Users/abarba/Code/CCIS/cs4500/api/app/api/root/controller.js","s":{"1":1,"2":1,"3":0},"b":{},"f":{},"fnMap":{},"statementMap":{"1":{"start":{"line":3,"column":0},"end":{"line":3,"column":33}},"2":{"start":{"line":13,"column":0},"end":{"line":15,"column":2}},"3":{"start":{"line":14,"column":2},"end":{"line":14,"column":35}}},"branchMap":{}}}