TN:
SF:/Users/abarba/Code/CCIS/cs4500/api/app/config/index.js
FNF:0
FNH:0
DA:3,1
DA:4,1
DA:5,1
DA:7,1
DA:31,1
DA:47,1
DA:63,1
DA:79,1
DA:89,1
LF:9
LH:9
BRDA:3,1,0,1
BRDA:3,1,1,0
BRDA:17,2,0,1
BRDA:17,2,1,1
BRDA:85,3,0,1
BRDA:85,3,1,1
BRF:6
BRH:5
end_of_record
TN:
SF:/Users/abarba/Code/CCIS/cs4500/api/app/index.js
FN:4,(anonymous_1)
FN:12,(anonymous_2)
FN:13,(anonymous_3)
FN:14,(anonymous_4)
FN:15,(anonymous_5)
FN:16,(anonymous_6)
FNF:6
FNH:4
FNDA:1,(anonymous_1)
FNDA:0,(anonymous_2)
FNDA:2,(anonymous_3)
FNDA:1,(anonymous_4)
FNDA:1,(anonymous_5)
FNDA:0,(anonymous_6)
DA:5,1
DA:6,1
DA:7,1
DA:8,1
DA:9,1
DA:12,0
DA:13,2
DA:14,1
DA:15,1
DA:16,0
DA:19,1
LF:11
LH:9
BRF:0
BRH:0
end_of_record
TN:
SF:/Users/abarba/Code/CCIS/cs4500/api/app/api/index.js
FN:19,(anonymous_1)
FN:25,(anonymous_2)
FN:26,(anonymous_3)
FN:27,(anonymous_4)
FN:29,(anonymous_5)
FN:37,(anonymous_6)
FN:65,(anonymous_7)
FN:71,(anonymous_8)
FN:87,(anonymous_9)
FNF:9
FNH:6
FNDA:1,(anonymous_1)
FNDA:0,(anonymous_2)
FNDA:0,(anonymous_3)
FNDA:1,(anonymous_4)
FNDA:1,(anonymous_5)
FNDA:1,(anonymous_6)
FNDA:0,(anonymous_7)
FNDA:1,(anonymous_8)
FNDA:1,(anonymous_9)
DA:3,1
DA:4,1
DA:5,1
DA:6,1
DA:7,1
DA:10,1
DA:11,1
DA:12,1
DA:13,1
DA:14,1
DA:15,1
DA:16,1
DA:20,1
DA:21,1
DA:22,1
DA:25,0
DA:26,0
DA:27,1
DA:30,1
DA:33,1
DA:34,1
DA:39,1
DA:40,1
DA:41,1
DA:44,1
DA:45,1
DA:46,1
DA:47,1
DA:48,1
DA:51,1
DA:54,1
DA:57,1
DA:60,1
DA:62,1
DA:66,0
DA:67,0
DA:74,1
DA:77,1
DA:83,1
DA:84,1
DA:88,1
DA:92,1
LF:42
LH:38
BRF:0
BRH:0
end_of_record
TN:
SF:/Users/abarba/Code/CCIS/cs4500/api/app/api/middleware/cors.js
FNF:0
FNH:0
DA:3,1
DA:5,1
DA:6,1
LF:3
LH:3
BRF:0
BRH:0
end_of_record
TN:
SF:/Users/abarba/Code/CCIS/cs4500/api/app/api/middleware/gzip.js
FNF:0
FNH:0
DA:3,1
DA:5,1
DA:6,1
LF:3
LH:3
BRF:0
BRH:0
end_of_record
TN:
SF:/Users/abarba/Code/CCIS/cs4500/api/app/api/middleware/parser.js
FNF:0
FNH:0
DA:3,1
DA:5,1
DA:6,1
LF:3
LH:3
BRF:0
BRH:0
end_of_record
TN:
SF:/Users/abarba/Code/CCIS/cs4500/api/app/api/middleware/validator.js
FNF:0
FNH:0
DA:3,1
DA:4,1
DA:6,1
DA:7,1
LF:4
LH:4
BRF:0
BRH:0
end_of_record
TN:
SF:/Users/abarba/Code/CCIS/cs4500/api/app/api/middleware/headers.js
FNF:0
FNH:0
DA:3,1
DA:18,1
DA:19,1
DA:20,37
DA:21,37
DA:22,37
DA:23,37
LF:7
LH:7
BRF:0
BRH:0
end_of_record
TN:
SF:/Users/abarba/Code/CCIS/cs4500/api/app/api/middleware/not-found.js
FNF:0
FNH:0
DA:3,1
DA:5,1
DA:6,1
DA:7,0
LF:4
LH:3
BRF:0
BRH:0
end_of_record
TN:
SF:/Users/abarba/Code/CCIS/cs4500/api/app/errors/index.js
FN:8,(anonymous_1)
FN:14,(anonymous_2)
FN:15,(anonymous_3)
FN:17,(anonymous_4)
FN:27,(anonymous_5)
FN:33,(anonymous_6)
FN:43,(anonymous_7)
FN:49,(anonymous_8)
FN:59,(anonymous_9)
FN:65,(anonymous_10)
FN:75,(anonymous_11)
FNF:11
FNH:6
FNDA:18,(anonymous_1)
FNDA:18,(anonymous_2)
FNDA:18,(anonymous_3)
FNDA:0,(anonymous_4)
FNDA:0,(anonymous_5)
FNDA:0,(anonymous_6)
FNDA:3,(anonymous_7)
FNDA:3,(anonymous_8)
FNDA:12,(anonymous_9)
FNDA:0,(anonymous_10)
FNDA:0,(anonymous_11)
DA:9,18
DA:10,18
DA:11,18
DA:14,18
DA:15,18
DA:18,0
DA:28,0
DA:34,0
DA:44,3
DA:50,3
DA:60,12
DA:66,0
DA:76,0
DA:84,1
DA:85,1
DA:86,1
DA:87,1
DA:88,1
DA:89,1
DA:90,1
DA:91,1
LF:21
LH:16
BRDA:28,1,0,0
BRDA:28,1,1,0
BRDA:34,2,0,0
BRDA:34,2,1,0
BRDA:44,3,0,3
BRDA:44,3,1,0
BRDA:50,4,0,3
BRDA:50,4,1,0
BRDA:60,5,0,12
BRDA:60,5,1,12
BRDA:66,6,0,0
BRDA:66,6,1,0
BRDA:76,7,0,0
BRDA:76,7,1,0
BRF:14
BRH:4
end_of_record
TN:
SF:/Users/abarba/Code/CCIS/cs4500/api/app/api/middleware/errors.js
FNF:0
FNH:0
DA:3,1
DA:4,1
DA:6,1
DA:7,1
DA:9,18
DA:10,18
DA:11,18
DA:12,18
DA:14,18
DA:19,18
DA:20,0
DA:21,0
DA:24,18
LF:13
LH:11
BRDA:9,1,0,18
BRDA:9,1,1,0
BRDA:12,2,0,0
BRDA:12,2,1,18
BRDA:19,3,0,0
BRDA:19,3,1,18
BRF:6
BRH:3
end_of_record
TN:
SF:/Users/abarba/Code/CCIS/cs4500/api/app/logger/index.js
FNF:0
FNH:0
DA:3,1
DA:4,1
DA:6,1
DA:11,1
DA:15,1
DA:21,1
LF:6
LH:6
BRF:0
BRH:0
end_of_record
TN:
SF:/Users/abarba/Code/CCIS/cs4500/api/app/modules/index.js
FN:5,(anonymous_1)
FNF:1
FNH:1
FNDA:1,(anonymous_1)
DA:8,1
DA:9,1
DA:10,1
DA:11,1
DA:12,1
DA:13,1
DA:15,1
DA:19,1
LF:8
LH:8
BRF:0
BRH:0
end_of_record
TN:
SF:/Users/abarba/Code/CCIS/cs4500/api/app/connections/index.js
FN:6,(anonymous_1)
FN:10,(anonymous_2)
FN:11,(anonymous_3)
FN:13,(anonymous_4)
FNF:4
FNH:4
FNDA:1,(anonymous_1)
FNDA:1,(anonymous_2)
FNDA:1,(anonymous_3)
FNDA:1,(anonymous_4)
DA:3,1
DA:7,1
DA:10,1
DA:11,1
DA:14,1
DA:15,1
DA:20,1
LF:7
LH:7
BRF:0
BRH:0
end_of_record
TN:
SF:/Users/abarba/Code/CCIS/cs4500/api/app/connections/rethinkdb.js
FN:7,(anonymous_1)
FN:12,(anonymous_2)
FN:13,(anonymous_3)
FN:15,(anonymous_4)
FNF:4
FNH:4
FNDA:1,(anonymous_1)
FNDA:1,(anonymous_2)
FNDA:1,(anonymous_3)
FNDA:1,(anonymous_4)
DA:3,1
DA:4,1
DA:8,1
DA:9,1
DA:12,1
DA:13,1
DA:16,1
DA:17,1
DA:21,1
LF:9
LH:9
BRF:0
BRH:0
end_of_record
TN:
SF:/Users/abarba/Code/CCIS/cs4500/api/app/worker/index.js
FNF:0
FNH:0
DA:7,1
LF:1
LH:1
BRF:0
BRH:0
end_of_record
TN:
SF:/Users/abarba/Code/CCIS/cs4500/api/app/modules/response/index.js
FNF:0
FNH:0
DA:3,1
DA:4,1
DA:6,1
DA:7,1
DA:9,1
DA:10,1
LF:6
LH:6
BRF:0
BRH:0
end_of_record
TN:
SF:/Users/abarba/Code/CCIS/cs4500/api/app/modules/response/model.js
FN:11,(anonymous_1)
FN:22,(anonymous_2)
FN:28,(anonymous_3)
FNF:3
FNH:3
FNDA:1,(anonymous_1)
FNDA:1,(anonymous_2)
FNDA:1,(anonymous_3)
DA:3,1
DA:4,1
DA:7,1
DA:12,1
DA:23,1
DA:24,1
DA:25,1
DA:29,1
DA:30,1
DA:31,1
DA:35,1
LF:11
LH:11
BRF:0
BRH:0
end_of_record
TN:
SF:/Users/abarba/Code/CCIS/cs4500/api/app/modules/common/index.js
FNF:0
FNH:0
DA:3,1
DA:4,1
DA:6,1
DA:7,1
LF:4
LH:4
BRF:0
BRH:0
end_of_record
TN:
SF:/Users/abarba/Code/CCIS/cs4500/api/app/modules/common/model.js
FN:10,(anonymous_1)
FN:24,(anonymous_2)
FN:25,(anonymous_3)
FN:26,(anonymous_4)
FN:27,(anonymous_5)
FN:35,(anonymous_6)
FN:49,(anonymous_7)
FN:58,(anonymous_8)
FN:68,(anonymous_9)
FN:77,(anonymous_10)
FN:89,(anonymous_11)
FN:98,(anonymous_12)
FN:107,(anonymous_13)
FN:116,(anonymous_14)
FN:125,(anonymous_15)
FN:134,(anonymous_16)
FN:146,(anonymous_17)
FN:158,(anonymous_18)
FN:171,(anonymous_19)
FNF:19
FNH:13
FNDA:6,(anonymous_1)
FNDA:177,(anonymous_2)
FNDA:0,(anonymous_3)
FNDA:47,(anonymous_4)
FNDA:0,(anonymous_5)
FNDA:6,(anonymous_6)
FNDA:0,(anonymous_7)
FNDA:6,(anonymous_8)
FNDA:1,(anonymous_9)
FNDA:12,(anonymous_10)
FNDA:62,(anonymous_11)
FNDA:1,(anonymous_12)
FNDA:25,(anonymous_13)
FNDA:58,(anonymous_14)
FNDA:0,(anonymous_15)
FNDA:0,(anonymous_16)
FNDA:9,(anonymous_17)
FNDA:0,(anonymous_18)
FNDA:1,(anonymous_19)
DA:3,1
DA:4,1
DA:5,1
DA:6,1
DA:13,6
DA:14,6
DA:17,6
DA:20,6
DA:24,177
DA:25,0
DA:26,47
DA:27,0
DA:36,6
DA:50,0
DA:59,6
DA:78,12
DA:79,12
DA:90,62
DA:99,1
DA:108,25
DA:117,58
DA:126,0
DA:135,0
DA:136,0
DA:137,0
DA:138,0
DA:147,9
DA:148,9
DA:149,9
DA:150,9
DA:159,0
DA:160,0
DA:161,0
DA:162,0
DA:163,0
DA:172,1
DA:173,1
DA:174,1
DA:175,1
DA:179,1
LF:40
LH:27
BRF:0
BRH:0
end_of_record
TN:
SF:/Users/abarba/Code/CCIS/cs4500/api/app/modules/common/service.js
FN:7,(anonymous_1)
FN:12,(anonymous_2)
FN:22,(anonymous_3)
FN:37,(anonymous_4)
FN:56,(anonymous_5)
FN:74,(anonymous_6)
FN:90,(anonymous_7)
FN:107,(anonymous_8)
FN:124,(anonymous_9)
FN:132,(anonymous_10)
FN:137,(anonymous_11)
FNF:11
FNH:9
FNDA:6,(anonymous_1)
FNDA:146,(anonymous_2)
FNDA:62,(anonymous_3)
FNDA:25,(anonymous_4)
FNDA:53,(anonymous_5)
FNDA:5,(anonymous_6)
FNDA:0,(anonymous_7)
FNDA:4,(anonymous_8)
FNDA:0,(anonymous_9)
FNDA:34,(anonymous_10)
FNDA:53,(anonymous_11)
DA:3,1
DA:8,6
DA:9,6
DA:12,146
DA:23,62
DA:38,25
DA:42,25
DA:57,53
DA:62,53
DA:75,5
DA:79,5
DA:91,0
DA:95,0
DA:108,4
DA:112,4
DA:125,0
DA:129,0
DA:133,34
DA:134,13
DA:138,53
DA:139,25
DA:140,25
DA:141,25
DA:146,1
LF:24
LH:20
BRDA:133,1,0,21
BRDA:133,1,1,13
BRDA:138,2,0,28
BRDA:138,2,1,25
BRDA:140,3,0,0
BRDA:140,3,1,25
BRF:6
BRH:5
end_of_record
TN:
SF:/Users/abarba/Code/CCIS/cs4500/api/app/modules/response/state.js
FNF:0
FNH:0
DA:2,1
DA:9,1
LF:2
LH:2
BRF:0
BRH:0
end_of_record
TN:
SF:/Users/abarba/Code/CCIS/cs4500/api/app/modules/response/service.js
FN:22,(anonymous_1)
FN:40,(anonymous_2)
FN:54,(anonymous_3)
FN:76,(anonymous_4)
FN:98,(anonymous_5)
FNF:5
FNH:2
FNDA:1,(anonymous_1)
FNDA:1,(anonymous_2)
FNDA:0,(anonymous_3)
FNDA:0,(anonymous_4)
FNDA:0,(anonymous_5)
DA:3,1
DA:4,1
DA:7,1
DA:23,1
DA:24,1
DA:25,1
DA:26,1
DA:27,1
DA:29,1
DA:41,1
DA:55,0
DA:56,0
DA:57,0
DA:60,0
DA:66,0
DA:77,0
DA:78,0
DA:79,0
DA:82,0
DA:88,0
DA:99,0
DA:100,0
DA:101,0
DA:104,0
DA:110,0
DA:114,1
LF:26
LH:11
BRDA:23,1,0,0
BRDA:23,1,1,1
BRDA:24,2,0,0
BRDA:24,2,1,1
BRDA:25,3,0,0
BRDA:25,3,1,1
BRDA:26,4,0,0
BRDA:26,4,1,1
BRDA:27,5,0,0
BRDA:27,5,1,1
BRDA:55,6,0,0
BRDA:55,6,1,0
BRDA:77,7,0,0
BRDA:77,7,1,0
BRDA:99,8,0,0
BRDA:99,8,1,0
BRF:16
BRH:5
end_of_record
TN:
SF:/Users/abarba/Code/CCIS/cs4500/api/app/modules/question/index.js
FNF:0
FNH:0
DA:3,1
DA:4,1
DA:6,1
DA:7,1
DA:9,1
LF:5
LH:5
BRF:0
BRH:0
end_of_record
TN:
SF:/Users/abarba/Code/CCIS/cs4500/api/app/modules/question/model.js
FN:7,(anonymous_1)
FN:19,(anonymous_2)
FNF:2
FNH:2
FNDA:1,(anonymous_1)
FNDA:1,(anonymous_2)
DA:3,1
DA:8,1
DA:20,1
DA:21,1
DA:25,1
LF:5
LH:5
BRF:0
BRH:0
end_of_record
TN:
SF:/Users/abarba/Code/CCIS/cs4500/api/app/modules/question/service.js
FN:17,(anonymous_1)
FN:33,(anonymous_2)
FN:44,(anonymous_3)
FNF:3
FNH:2
FNDA:3,(anonymous_1)
FNDA:2,(anonymous_2)
FNDA:0,(anonymous_3)
DA:3,1
DA:4,1
DA:18,3
DA:19,3
DA:20,3
DA:21,3
DA:23,3
DA:34,2
DA:45,0
DA:49,1
LF:10
LH:9
BRDA:18,1,0,0
BRDA:18,1,1,3
BRDA:19,2,0,0
BRDA:19,2,1,3
BRDA:20,3,0,0
BRDA:20,3,1,3
BRDA:21,4,0,0
BRDA:21,4,1,3
BRF:8
BRH:4
end_of_record
TN:
SF:/Users/abarba/Code/CCIS/cs4500/api/app/modules/survey/index.js
FNF:0
FNH:0
DA:3,1
DA:4,1
DA:6,1
DA:7,1
DA:9,1
DA:10,1
DA:11,1
LF:7
LH:7
BRF:0
BRH:0
end_of_record
TN:
SF:/Users/abarba/Code/CCIS/cs4500/api/app/modules/survey/model.js
FN:12,(anonymous_1)
FN:24,(anonymous_2)
FNF:2
FNH:2
FNDA:1,(anonymous_1)
FNDA:1,(anonymous_2)
DA:3,1
DA:4,1
DA:7,1
DA:8,1
DA:13,1
DA:25,1
DA:26,1
DA:27,1
DA:31,1
LF:9
LH:9
BRF:0
BRH:0
end_of_record
TN:
SF:/Users/abarba/Code/CCIS/cs4500/api/app/modules/survey/state.js
FNF:0
FNH:0
DA:3,1
DA:10,1
LF:2
LH:2
BRF:0
BRH:0
end_of_record
TN:
SF:/Users/abarba/Code/CCIS/cs4500/api/app/modules/survey/time.js
FNF:0
FNH:0
DA:3,1
DA:11,1
LF:2
LH:2
BRF:0
BRH:0
end_of_record
TN:
SF:/Users/abarba/Code/CCIS/cs4500/api/app/modules/survey/service.js
FN:28,(anonymous_1)
FN:44,(anonymous_2)
FN:55,(anonymous_3)
FN:69,(anonymous_4)
FN:103,(anonymous_5)
FN:120,_generateResponses
FN:145,_responseDate
FNF:7
FNH:5
FNDA:7,(anonymous_1)
FNDA:1,(anonymous_2)
FNDA:0,(anonymous_3)
FNDA:1,(anonymous_4)
FNDA:1,(anonymous_5)
FNDA:1,_generateResponses
FNDA:0,_responseDate
DA:3,1
DA:4,1
DA:5,1
DA:6,1
DA:7,1
DA:10,1
DA:11,1
DA:12,1
DA:15,1
DA:29,7
DA:30,7
DA:31,7
DA:32,7
DA:34,7
DA:45,1
DA:56,0
DA:70,1
DA:72,1
DA:75,1
DA:78,1
DA:81,1
DA:83,1
DA:85,1
DA:87,1
DA:89,1
DA:90,0
DA:104,1
DA:106,1
DA:109,1
DA:110,1
DA:113,1
DA:114,0
DA:120,1
DA:121,1
DA:122,1
DA:124,1
DA:125,1
DA:127,1
DA:128,30
DA:129,30
DA:130,0
DA:139,30
DA:142,1
DA:145,1
DA:146,0
DA:148,0
DA:150,0
DA:151,0
DA:153,0
DA:154,0
DA:156,0
DA:157,0
DA:159,0
DA:160,0
DA:162,0
DA:163,0
DA:166,0
DA:169,1
LF:58
LH:41
BRDA:29,1,0,0
BRDA:29,1,1,7
BRDA:30,2,0,0
BRDA:30,2,1,7
BRDA:31,3,0,0
BRDA:31,3,1,7
BRDA:32,4,0,0
BRDA:32,4,1,7
BRDA:81,5,0,0
BRDA:81,5,1,1
BRDA:148,6,0,0
BRDA:148,6,1,0
BRDA:148,6,2,0
BRDA:148,6,3,0
BRDA:148,6,4,0
BRF:15
BRH:5
end_of_record
TN:
SF:/Users/abarba/Code/CCIS/cs4500/api/app/modules/user/index.js
FNF:0
FNH:0
DA:3,1
DA:4,1
DA:6,1
DA:7,1
DA:9,1
DA:10,1
LF:6
LH:6
BRF:0
BRH:0
end_of_record
TN:
SF:/Users/abarba/Code/CCIS/cs4500/api/app/modules/user/model.js
FN:14,(anonymous_1)
FN:29,(anonymous_2)
FNF:2
FNH:2
FNDA:1,(anonymous_1)
FNDA:1,(anonymous_2)
DA:3,1
DA:6,1
DA:9,1
DA:10,1
DA:15,1
DA:30,1
DA:31,1
DA:32,1
DA:33,1
DA:37,1
LF:10
LH:10
BRF:0
BRH:0
end_of_record
TN:
SF:/Users/abarba/Code/CCIS/cs4500/api/app/modules/user/type.js
FNF:0
FNH:0
DA:2,1
DA:7,1
LF:2
LH:2
BRF:0
BRH:0
end_of_record
TN:
SF:/Users/abarba/Code/CCIS/cs4500/api/app/modules/user/push-type.js
FNF:0
FNH:0
DA:2,1
DA:7,1
LF:2
LH:2
BRF:0
BRH:0
end_of_record
TN:
SF:/Users/abarba/Code/CCIS/cs4500/api/app/modules/user/service.js
FN:13,(anonymous_1)
FN:29,(anonymous_2)
FN:58,(anonymous_3)
FN:70,(anonymous_4)
FNF:4
FNH:4
FNDA:2,(anonymous_1)
FNDA:23,(anonymous_2)
FNDA:1,(anonymous_3)
FNDA:1,(anonymous_4)
DA:3,1
DA:4,1
DA:14,2
DA:30,23
DA:31,23
DA:32,23
DA:33,23
DA:34,23
DA:36,23
DA:37,23
DA:38,23
DA:40,21
DA:59,1
DA:72,1
DA:73,1
DA:75,1
DA:76,0
DA:77,0
DA:79,1
DA:80,0
DA:81,0
DA:84,1
DA:85,1
DA:91,1
DA:95,1
LF:25
LH:21
BRDA:30,1,0,0
BRDA:30,1,1,23
BRDA:31,2,0,0
BRDA:31,2,1,23
BRDA:32,3,0,0
BRDA:32,3,1,23
BRDA:33,4,0,0
BRDA:33,4,1,23
BRDA:34,5,0,0
BRDA:34,5,1,23
BRDA:37,6,0,0
BRDA:37,6,1,23
BRDA:38,7,0,2
BRDA:38,7,1,21
BRDA:75,8,0,0
BRDA:75,8,1,1
BRDA:79,9,0,0
BRDA:79,9,1,1
BRF:18
BRH:10
end_of_record
TN:
SF:/Users/abarba/Code/CCIS/cs4500/api/app/modules/group/index.js
FNF:0
FNH:0
DA:3,1
DA:4,1
DA:6,1
DA:7,1
DA:9,1
LF:5
LH:5
BRF:0
BRH:0
end_of_record
TN:
SF:/Users/abarba/Code/CCIS/cs4500/api/app/modules/group/model.js
FN:7,(anonymous_1)
FN:14,(anonymous_2)
FNF:2
FNH:2
FNDA:1,(anonymous_1)
FNDA:1,(anonymous_2)
DA:3,1
DA:8,1
DA:15,1
DA:19,1
LF:4
LH:4
BRF:0
BRH:0
end_of_record
TN:
SF:/Users/abarba/Code/CCIS/cs4500/api/app/modules/group/service.js
FN:17,(anonymous_1)
FN:32,(anonymous_2)
FNF:2
FNH:2
FNDA:11,(anonymous_1)
FNDA:1,(anonymous_2)
DA:3,1
DA:4,1
DA:18,11
DA:19,11
DA:20,11
DA:22,11
DA:33,1
DA:37,1
LF:8
LH:8
BRDA:18,1,0,0
BRDA:18,1,1,11
BRDA:19,2,0,0
BRDA:19,2,1,11
BRDA:20,3,0,0
BRDA:20,3,1,11
BRF:6
BRH:3
end_of_record
TN:
SF:/Users/abarba/Code/CCIS/cs4500/api/app/modules/auth/index.js
FNF:0
FNH:0
DA:3,1
DA:4,1
DA:6,1
DA:7,1
DA:9,1
LF:5
LH:5
BRF:0
BRH:0
end_of_record
TN:
SF:/Users/abarba/Code/CCIS/cs4500/api/app/modules/auth/model.js
FN:8,(anonymous_1)
FN:16,(anonymous_2)
FN:21,(anonymous_3)
FN:25,(anonymous_4)
FNF:4
FNH:4
FNDA:1,(anonymous_1)
FNDA:1,(anonymous_2)
FNDA:1,(anonymous_3)
FNDA:19,(anonymous_4)
DA:3,1
DA:4,1
DA:9,1
DA:17,1
DA:18,1
DA:22,1
DA:26,19
DA:30,1
LF:8
LH:8
BRF:0
BRH:0
end_of_record
TN:
SF:/Users/abarba/Code/CCIS/cs4500/api/app/lib/utils.js
FN:14,(anonymous_1)
FNF:1
FNH:1
FNDA:10019,(anonymous_1)
DA:3,1
DA:15,10019
DA:16,10019
DA:17,10019
DA:18,10019
DA:19,10019
DA:23,1
LF:7
LH:7
BRDA:19,1,0,0
BRDA:19,1,1,10019
BRF:2
BRH:1
end_of_record
TN:
SF:/Users/abarba/Code/CCIS/cs4500/api/app/modules/auth/service.js
FN:25,(anonymous_1)
FN:36,(anonymous_2)
FN:52,(anonymous_3)
FN:97,(anonymous_4)
FN:142,sanitizeAuth
FNF:5
FNH:5
FNDA:26,(anonymous_1)
FNDA:2,(anonymous_2)
FNDA:21,(anonymous_3)
FNDA:2,(anonymous_4)
FNDA:20,sanitizeAuth
DA:3,1
DA:4,1
DA:5,1
DA:6,1
DA:9,1
DA:12,1
DA:13,1
DA:14,1
DA:26,26
DA:37,2
DA:53,21
DA:54,21
DA:55,21
DA:56,21
DA:57,21
DA:58,21
DA:60,21
DA:63,21
DA:67,21
DA:68,21
DA:69,21
DA:71,21
DA:75,19
DA:81,21
DA:82,19
DA:83,19
DA:84,19
DA:98,2
DA:99,2
DA:100,2
DA:102,2
DA:105,2
DA:106,2
DA:107,2
DA:108,2
DA:113,2
DA:117,2
DA:118,2
DA:119,2
DA:124,2
DA:125,2
DA:126,2
DA:128,2
DA:129,2
DA:130,2
DA:131,1
DA:135,2
DA:136,1
DA:137,1
DA:142,1
DA:143,20
DA:144,20
DA:145,20
DA:148,1
LF:54
LH:54
BRDA:53,1,0,0
BRDA:53,1,1,21
BRDA:54,2,0,0
BRDA:54,2,1,21
BRDA:55,3,0,0
BRDA:55,3,1,21
BRDA:56,4,0,0
BRDA:56,4,1,21
BRDA:57,5,0,0
BRDA:57,5,1,21
BRDA:58,6,0,0
BRDA:58,6,1,21
BRDA:68,7,0,0
BRDA:68,7,1,21
BRDA:69,8,0,0
BRDA:69,8,1,21
BRDA:81,9,0,2
BRDA:81,9,1,19
BRDA:98,10,0,0
BRDA:98,10,1,2
BRDA:99,11,0,0
BRDA:99,11,1,2
BRDA:100,12,0,0
BRDA:100,12,1,2
BRDA:106,13,0,0
BRDA:106,13,1,2
BRDA:107,14,0,0
BRDA:107,14,1,2
BRDA:117,15,0,0
BRDA:117,15,1,2
BRDA:118,16,0,0
BRDA:118,16,1,2
BRDA:125,17,0,0
BRDA:125,17,1,2
BRDA:126,18,0,0
BRDA:126,18,1,2
BRDA:129,19,0,0
BRDA:129,19,1,2
BRDA:130,20,0,1
BRDA:130,20,1,1
BRDA:135,21,0,1
BRDA:135,21,1,1
BRF:42
BRH:24
end_of_record
TN:
SF:/Users/abarba/Code/CCIS/cs4500/api/app/api/routes.js
FNF:0
FNH:0
DA:7,1
DA:8,1
DA:9,1
DA:10,1
DA:11,1
DA:12,1
DA:13,1
LF:7
LH:7
BRF:0
BRH:0
end_of_record
TN:
SF:/Users/abarba/Code/CCIS/cs4500/api/app/api/status/index.js
FNF:0
FNH:0
DA:3,1
DA:4,1
LF:2
LH:2
BRF:0
BRH:0
end_of_record
TN:
SF:/Users/abarba/Code/CCIS/cs4500/api/app/api/status/controller.js
FNF:0
FNH:0
DA:3,1
DA:13,1
DA:14,1
LF:3
LH:3
BRF:0
BRH:0
end_of_record
TN:
SF:/Users/abarba/Code/CCIS/cs4500/api/app/api/status/router.js
FNF:0
FNH:0
DA:3,1
DA:4,1
DA:6,1
DA:16,1
DA:20,1
LF:5
LH:5
BRF:0
BRH:0
end_of_record
TN:
SF:/Users/abarba/Code/CCIS/cs4500/api/app/api/auth/index.js
FNF:0
FNH:0
DA:3,1
DA:4,1
LF:2
LH:2
BRF:0
BRH:0
end_of_record
TN:
SF:/Users/abarba/Code/CCIS/cs4500/api/app/api/auth/controller.js
FNF:0
FNH:0
DA:3,1
DA:6,1
DA:16,1
DA:18,3
DA:26,3
DA:27,1
DA:39,1
DA:41,1
DA:50,1
DA:51,1
DA:63,1
DA:65,2
DA:66,2
DA:68,2
DA:72,2
DA:73,1
LF:16
LH:16
BRDA:26,1,0,2
BRDA:26,1,1,1
BRDA:50,2,0,0
BRDA:50,2,1,1
BRDA:72,3,0,1
BRDA:72,3,1,1
BRF:6
BRH:5
end_of_record
TN:
SF:/Users/abarba/Code/CCIS/cs4500/api/app/api/auth/router.js
FNF:0
FNH:0
DA:3,1
DA:4,1
DA:5,1
DA:6,1
DA:7,1
DA:9,1
DA:19,3
DA:20,3
DA:21,3
DA:26,1
DA:36,1
DA:37,1
DA:38,1
DA:39,1
DA:44,1
DA:54,2
DA:55,2
DA:56,2
DA:61,1
LF:19
LH:19
BRF:0
BRH:0
end_of_record
TN:
SF:/Users/abarba/Code/CCIS/cs4500/api/app/api/auth/validator.js
FN:7,(anonymous_1)
FN:19,(anonymous_2)
FNF:2
FNH:2
FNDA:4,(anonymous_1)
FNDA:2,(anonymous_2)
DA:3,1
DA:9,4
DA:10,4
DA:11,4
DA:12,4
DA:14,4
DA:16,4
DA:21,2
DA:22,2
DA:24,2
DA:28,1
LF:11
LH:11
BRDA:14,1,0,4
BRDA:14,1,1,0
BRF:2
BRH:1
end_of_record
TN:
SF:/Users/abarba/Code/CCIS/cs4500/api/app/api/common/validator.js
FN:7,(anonymous_1)
FNF:1
FNH:1
FNDA:17,(anonymous_1)
DA:3,1
DA:8,17
DA:10,3
DA:11,3
DA:13,3
DA:17,1
LF:6
LH:6
BRDA:8,1,0,14
BRDA:8,1,1,3
BRF:2
BRH:2
end_of_record
TN:
SF:/Users/abarba/Code/CCIS/cs4500/api/app/api/auth/authorization.js
FNF:0
FNH:0
DA:3,1
DA:5,1
LF:2
LH:2
BRF:0
BRH:0
end_of_record
TN:
SF:/Users/abarba/Code/CCIS/cs4500/api/app/api/common/authorization.js
FN:21,(anonymous_1)
FN:41,(anonymous_2)
FN:57,(anonymous_3)
FN:76,(anonymous_4)
FNF:4
FNH:3
FNDA:32,(anonymous_1)
FNDA:5,(anonymous_2)
FNDA:0,(anonymous_3)
FNDA:6,(anonymous_4)
DA:3,1
DA:4,1
DA:7,1
DA:8,1
DA:11,1
DA:12,1
DA:22,32
DA:23,32
DA:25,26
DA:29,26
DA:30,20
DA:31,20
DA:42,5
DA:43,1
DA:46,4
DA:47,4
DA:48,3
DA:58,0
DA:59,0
DA:61,0
DA:65,0
DA:66,0
DA:77,6
DA:78,6
DA:80,4
DA:84,4
DA:85,4
DA:91,1
LF:28
LH:23
BRDA:22,1,0,32
BRDA:22,1,1,32
BRDA:23,2,0,6
BRDA:23,2,1,26
BRDA:23,3,0,32
BRDA:23,3,1,26
BRDA:29,4,0,6
BRDA:29,4,1,20
BRDA:29,5,0,26
BRDA:29,5,1,26
BRDA:42,6,0,1
BRDA:42,6,1,4
BRDA:43,7,0,1
BRDA:43,7,1,0
BRDA:47,8,0,1
BRDA:47,8,1,3
BRDA:48,9,0,3
BRDA:48,9,1,0
BRDA:59,10,0,0
BRDA:59,10,1,0
BRDA:65,11,0,0
BRDA:65,11,1,0
BRDA:65,12,0,0
BRDA:65,12,1,0
BRDA:66,13,0,0
BRDA:66,13,1,0
BRDA:78,14,0,2
BRDA:78,14,1,4
BRDA:84,15,0,0
BRDA:84,15,1,4
BRDA:84,16,0,4
BRDA:84,16,1,4
BRDA:85,17,0,4
BRDA:85,17,1,0
BRF:34
BRH:22
end_of_record
TN:
SF:/Users/abarba/Code/CCIS/cs4500/api/app/api/group/index.js
FNF:0
FNH:0
DA:3,1
DA:4,1
LF:2
LH:2
BRF:0
BRH:0
end_of_record
TN:
SF:/Users/abarba/Code/CCIS/cs4500/api/app/api/group/controller.js
FNF:0
FNH:0
DA:3,1
DA:4,1
DA:14,1
DA:16,1
DA:18,1
DA:19,1
DA:20,1
DA:32,1
DA:34,1
DA:35,1
DA:37,1
DA:41,1
DA:42,1
DA:54,1
DA:56,1
DA:57,1
DA:59,1
DA:62,1
DA:63,1
DA:75,1
DA:77,1
DA:79,1
DA:80,1
DA:81,1
LF:24
LH:24
BRDA:19,1,0,0
BRDA:19,1,1,1
BRDA:41,2,0,0
BRDA:41,2,1,1
BRDA:62,3,0,0
BRDA:62,3,1,1
BRDA:80,4,0,0
BRDA:80,4,1,1
BRF:8
BRH:4
end_of_record
TN:
SF:/Users/abarba/Code/CCIS/cs4500/api/app/api/group/router.js
FNF:0
FNH:0
DA:3,1
DA:4,1
DA:5,1
DA:6,1
DA:7,1
DA:9,1
DA:19,2
DA:20,2
DA:21,1
DA:26,1
DA:36,2
DA:37,2
DA:38,1
DA:39,1
DA:44,1
DA:54,2
DA:55,2
DA:56,2
DA:57,1
DA:62,1
DA:72,2
DA:73,2
DA:74,1
DA:79,1
LF:24
LH:24
BRF:0
BRH:0
end_of_record
TN:
SF:/Users/abarba/Code/CCIS/cs4500/api/app/api/group/validator.js
FN:7,(anonymous_1)
FN:14,(anonymous_2)
FN:21,(anonymous_3)
FNF:3
FNH:2
FNDA:1,(anonymous_1)
FNDA:2,(anonymous_2)
FNDA:0,(anonymous_3)
DA:3,1
DA:9,1
DA:11,1
DA:16,2
DA:18,2
DA:23,0
DA:25,0
DA:29,1
LF:8
LH:6
BRF:0
BRH:0
end_of_record
TN:
SF:/Users/abarba/Code/CCIS/cs4500/api/app/api/group/authorization.js
FN:16,(anonymous_1)
FNF:1
FNH:1
FNDA:8,(anonymous_1)
DA:3,1
DA:4,1
DA:7,1
DA:17,8
DA:18,8
DA:20,5
DA:24,5
DA:25,5
DA:31,1
LF:9
LH:9
BRDA:18,1,0,3
BRDA:18,1,1,5
BRDA:21,2,0,5
BRDA:21,2,1,4
BRDA:24,3,0,0
BRDA:24,3,1,5
BRDA:24,4,0,5
BRDA:24,4,1,5
BRDA:25,5,0,5
BRDA:25,5,1,0
BRF:10
BRH:8
end_of_record
TN:
SF:/Users/abarba/Code/CCIS/cs4500/api/app/api/survey/index.js
FNF:0
FNH:0
DA:3,1
DA:4,1
LF:2
LH:2
BRF:0
BRH:0
end_of_record
TN:
SF:/Users/abarba/Code/CCIS/cs4500/api/app/api/survey/controller.js
FNF:0
FNH:0
DA:3,1
DA:4,1
DA:5,1
DA:15,1
DA:17,1
DA:19,1
DA:20,1
DA:21,1
DA:33,1
DA:35,1
DA:36,1
DA:37,1
DA:38,1
DA:40,1
DA:46,1
DA:47,1
DA:59,1
DA:61,1
DA:62,1
DA:64,1
DA:67,1
DA:68,1
DA:80,1
DA:82,1
DA:84,1
DA:85,1
DA:86,1
DA:98,1
DA:100,0
DA:102,0
DA:103,0
DA:104,0
DA:116,1
DA:118,1
DA:119,1
DA:120,1
DA:121,1
DA:123,1
DA:124,1
DA:125,1
LF:40
LH:36
BRDA:20,1,0,0
BRDA:20,1,1,1
BRDA:46,2,0,0
BRDA:46,2,1,1
BRDA:67,3,0,0
BRDA:67,3,1,1
BRDA:85,4,0,0
BRDA:85,4,1,1
BRDA:103,5,0,0
BRDA:103,5,1,0
BRDA:124,6,0,0
BRDA:124,6,1,1
BRF:12
BRH:5
end_of_record
TN:
SF:/Users/abarba/Code/CCIS/cs4500/api/app/api/survey/router.js
FNF:0
FNH:0
DA:3,1
DA:4,1
DA:5,1
DA:6,1
DA:7,1
DA:8,1
DA:10,1
DA:20,2
DA:21,2
DA:22,1
DA:27,1
DA:37,2
DA:38,2
DA:39,1
DA:40,1
DA:45,1
DA:55,2
DA:56,2
DA:57,2
DA:58,1
DA:63,1
DA:73,2
DA:74,2
DA:75,1
DA:76,1
DA:81,1
DA:91,2
DA:92,2
DA:93,1
DA:98,1
DA:108,0
DA:109,0
DA:110,0
DA:115,1
LF:34
LH:31
BRF:0
BRH:0
end_of_record
TN:
SF:/Users/abarba/Code/CCIS/cs4500/api/app/api/survey/validator.js
FN:7,(anonymous_1)
FN:16,(anonymous_2)
FN:23,(anonymous_3)
FNF:3
FNH:3
FNDA:1,(anonymous_1)
FNDA:2,(anonymous_2)
FNDA:1,(anonymous_3)
DA:3,1
DA:9,1
DA:10,1
DA:11,1
DA:13,1
DA:18,2
DA:20,2
DA:25,1
DA:26,1
DA:27,1
DA:29,1
DA:33,1
LF:12
LH:12
BRF:0
BRH:0
end_of_record
TN:
SF:/Users/abarba/Code/CCIS/cs4500/api/app/api/survey/authorization.js
FN:16,(anonymous_1)
FNF:1
FNH:1
FNDA:10,(anonymous_1)
DA:3,1
DA:4,1
DA:7,1
DA:17,10
DA:18,10
DA:20,6
DA:24,6
DA:25,6
DA:31,1
LF:9
LH:9
BRDA:18,1,0,4
BRDA:18,1,1,6
BRDA:21,2,0,6
BRDA:21,2,1,5
BRDA:24,3,0,0
BRDA:24,3,1,6
BRDA:24,4,0,6
BRDA:24,4,1,6
BRDA:25,5,0,6
BRDA:25,5,1,0
BRF:10
BRH:8
end_of_record
TN:
SF:/Users/abarba/Code/CCIS/cs4500/api/app/api/user/index.js
FNF:0
FNH:0
DA:3,1
DA:4,1
LF:2
LH:2
BRF:0
BRH:0
end_of_record
TN:
SF:/Users/abarba/Code/CCIS/cs4500/api/app/api/user/controller.js
FNF:0
FNH:0
DA:4,1
DA:5,1
DA:6,1
DA:16,1
DA:18,1
DA:20,1
DA:21,1
DA:22,1
DA:34,1
DA:36,1
DA:38,1
DA:39,1
DA:40,1
DA:52,1
DA:54,0
DA:56,0
DA:62,0
DA:63,0
DA:75,1
DA:77,1
DA:78,1
DA:80,1
DA:81,1
DA:82,1
DA:83,1
DA:86,0
DA:87,0
DA:88,0
DA:101,1
DA:103,1
DA:104,1
DA:109,1
DA:112,1
DA:113,1
LF:34
LH:27
BRDA:21,1,0,0
BRDA:21,1,1,1
BRDA:39,2,0,0
BRDA:39,2,1,1
BRDA:62,3,0,0
BRDA:62,3,1,0
BRDA:80,4,0,1
BRDA:80,4,1,0
BRDA:80,5,0,1
BRDA:80,5,1,1
BRDA:82,6,0,0
BRDA:82,6,1,1
BRDA:87,7,0,0
BRDA:87,7,1,0
BRDA:112,8,0,0
BRDA:112,8,1,1
BRF:16
BRH:7
end_of_record
TN:
SF:/Users/abarba/Code/CCIS/cs4500/api/app/api/user/router.js
FNF:0
FNH:0
DA:3,1
DA:4,1
DA:5,1
DA:6,1
DA:7,1
DA:9,1
DA:19,2
DA:20,2
DA:21,1
DA:26,1
DA:36,2
DA:37,2
DA:38,1
DA:39,1
DA:44,1
DA:54,0
DA:55,0
DA:56,0
DA:57,0
DA:62,1
DA:72,2
DA:73,2
DA:74,1
DA:75,1
DA:80,1
DA:90,2
DA:91,2
DA:92,2
DA:93,1
DA:98,1
LF:30
LH:26
BRF:0
BRH:0
end_of_record
TN:
SF:/Users/abarba/Code/CCIS/cs4500/api/app/api/user/validator.js
FN:7,(anonymous_1)
FNF:1
FNH:1
FNDA:2,(anonymous_1)
DA:3,1
DA:9,2
DA:10,2
DA:12,2
DA:16,1
LF:5
LH:5
BRF:0
BRH:0
end_of_record
TN:
SF:/Users/abarba/Code/CCIS/cs4500/api/app/api/user/authorization.js
FNF:0
FNH:0
DA:3,1
DA:5,1
LF:2
LH:2
BRF:0
BRH:0
end_of_record
TN:
SF:/Users/abarba/Code/CCIS/cs4500/api/app/api/question/index.js
FNF:0
FNH:0
DA:3,1
DA:4,1
LF:2
LH:2
BRF:0
BRH:0
end_of_record
TN:
SF:/Users/abarba/Code/CCIS/cs4500/api/app/api/question/controller.js
FNF:0
FNH:0
DA:3,1
DA:4,1
DA:14,1
DA:16,1
DA:17,1
DA:18,1
DA:19,1
DA:21,1
DA:27,1
DA:28,1
DA:40,1
DA:42,0
DA:43,0
DA:45,0
DA:48,0
DA:49,0
DA:61,1
DA:63,0
DA:65,0
DA:66,0
DA:67,0
LF:21
LH:12
BRDA:27,1,0,0
BRDA:27,1,1,1
BRDA:48,2,0,0
BRDA:48,2,1,0
BRDA:66,3,0,0
BRDA:66,3,1,0
BRF:6
BRH:1
end_of_record
TN:
SF:/Users/abarba/Code/CCIS/cs4500/api/app/api/question/router.js
FNF:0
FNH:0
DA:3,1
DA:4,1
DA:5,1
DA:6,1
DA:7,1
DA:8,1
DA:10,1
DA:20,2
DA:21,2
DA:22,1
DA:23,1
DA:28,1
DA:38,0
DA:39,0
DA:40,0
DA:41,0
DA:46,1
DA:56,0
DA:57,0
DA:58,0
DA:63,1
LF:21
LH:14
BRF:0
BRH:0
end_of_record
TN:
SF:/Users/abarba/Code/CCIS/cs4500/api/app/api/question/validator.js
FN:7,(anonymous_1)
FN:16,(anonymous_2)
FNF:2
FNH:1
FNDA:1,(anonymous_1)
FNDA:0,(anonymous_2)
DA:3,1
DA:9,1
DA:10,1
DA:11,1
DA:13,1
DA:18,0
DA:20,0
DA:24,1
LF:8
LH:6
BRF:0
BRH:0
end_of_record
TN:
SF:/Users/abarba/Code/CCIS/cs4500/api/app/api/question/authorization.js
FN:16,(anonymous_1)
FNF:1
FNH:0
FNDA:0,(anonymous_1)
DA:3,1
DA:4,1
DA:7,1
DA:17,0
DA:18,0
DA:20,0
DA:24,0
DA:25,0
DA:31,1
LF:9
LH:4
BRDA:18,1,0,0
BRDA:18,1,1,0
BRDA:21,2,0,0
BRDA:21,2,1,0
BRDA:24,3,0,0
BRDA:24,3,1,0
BRDA:24,4,0,0
BRDA:24,4,1,0
BRDA:25,5,0,0
BRDA:25,5,1,0
BRF:10
BRH:0
end_of_record
TN:
SF:/Users/abarba/Code/CCIS/cs4500/api/app/api/response/index.js
FNF:0
FNH:0
DA:3,1
DA:4,1
LF:2
LH:2
BRF:0
BRH:0
end_of_record
TN:
SF:/Users/abarba/Code/CCIS/cs4500/api/app/api/response/controller.js
FNF:0
FNH:0
DA:3,1
DA:13,1
DA:15,1
DA:16,1
DA:18,1
DA:19,1
DA:20,1
LF:7
LH:7
BRDA:19,1,0,0
BRDA:19,1,1,1
BRF:2
BRH:1
end_of_record
TN:
SF:/Users/abarba/Code/CCIS/cs4500/api/app/api/response/router.js
FNF:0
FNH:0
DA:3,1
DA:4,1
DA:5,1
DA:6,1
DA:7,1
DA:9,1
DA:19,2
DA:20,2
DA:21,1
DA:22,1
DA:27,1
LF:11
LH:11
BRF:0
BRH:0
end_of_record
TN:
SF:/Users/abarba/Code/CCIS/cs4500/api/app/api/response/validator.js
FN:7,(anonymous_1)
FNF:1
FNH:1
FNDA:1,(anonymous_1)
DA:3,1
DA:9,1
DA:11,1
DA:15,1
LF:4
LH:4
BRF:0
BRH:0
end_of_record
TN:
SF:/Users/abarba/Code/CCIS/cs4500/api/app/api/response/authorization.js
FN:16,(anonymous_1)
FNF:1
FNH:1
FNDA:2,(anonymous_1)
DA:3,1
DA:4,1
DA:7,1
DA:17,2
DA:18,2
DA:20,1
DA:24,1
DA:25,1
DA:31,1
LF:9
LH:9
BRDA:18,1,0,1
BRDA:18,1,1,1
BRDA:21,2,0,1
BRDA:21,2,1,1
BRDA:24,3,0,0
BRDA:24,3,1,1
BRDA:24,4,0,1
BRDA:24,4,1,1
BRDA:25,5,0,1
BRDA:25,5,1,0
BRF:10
BRH:8
end_of_record
TN:
SF:/Users/abarba/Code/CCIS/cs4500/api/app/api/root/index.js
FNF:0
FNH:0
DA:3,1
LF:1
LH:1
BRF:0
BRH:0
end_of_record
TN:
SF:/Users/abarba/Code/CCIS/cs4500/api/app/api/root/controller.js
FNF:0
FNH:0
DA:3,1
DA:13,1
DA:14,0
LF:3
LH:2
BRF:0
BRH:0
end_of_record
